2022-04-23_17-33-45 [restartedMain] INFO  c.c.a.AuthorizationMicroserviceApplication - Starting AuthorizationMicroserviceApplication using Java 18 on DESKTOP-DAC986Q with PID 3392 (C:\Users\Elcot\Downloads\Pension-Management-System\Authorization-Microservice\target\classes started by Elcot in C:\Users\Elcot\Downloads\Pension-Management-System\Authorization-Microservice)
2022-04-23_17-33-45 [restartedMain] INFO  c.c.a.AuthorizationMicroserviceApplication - No active profile set, falling back to default profiles: default
2022-04-23_17-33-45 [restartedMain] INFO  o.s.b.d.e.DevToolsPropertyDefaultsPostProcessor - Devtools property defaults active! Set 'spring.devtools.add-properties' to 'false' to disable
2022-04-23_17-33-45 [restartedMain] INFO  o.s.b.d.e.DevToolsPropertyDefaultsPostProcessor - For additional web related logging consider setting the 'logging.level.web' property to 'DEBUG'
2022-04-23_17-33-45 [restartedMain] INFO  o.s.d.r.c.RepositoryConfigurationDelegate - Bootstrapping Spring Data JPA repositories in DEFAULT mode.
2022-04-23_17-33-45 [restartedMain] INFO  o.s.d.r.c.RepositoryConfigurationDelegate - Finished Spring Data repository scanning in 323 ms. Found 1 JPA repository interfaces.
2022-04-23_17-33-45 [restartedMain] INFO  o.s.cloud.context.scope.GenericScope - BeanFactory id=edddad8d-4f8b-3de1-9e23-4996f9518ee0
2022-04-23_17-33-45 [restartedMain] INFO  o.s.b.w.e.tomcat.TomcatWebServer - Tomcat initialized with port(s): 8400 (http)
2022-04-23_17-33-45 [restartedMain] INFO  o.a.coyote.http11.Http11NioProtocol - Initializing ProtocolHandler ["http-nio-8400"]
2022-04-23_17-33-45 [restartedMain] INFO  o.a.catalina.core.StandardService - Starting service [Tomcat]
2022-04-23_17-33-45 [restartedMain] INFO  o.a.catalina.core.StandardEngine - Starting Servlet engine: [Apache Tomcat/9.0.41]
2022-04-23_17-33-45 [restartedMain] INFO  o.a.c.c.C.[.[localhost].[/auth] - Initializing Spring embedded WebApplicationContext
2022-04-23_17-33-45 [restartedMain] INFO  o.s.b.w.s.c.ServletWebServerApplicationContext - Root WebApplicationContext: initialization completed in 17321 ms
2022-04-23_17-33-45 [restartedMain] INFO  com.zaxxer.hikari.HikariDataSource - HikariPool-1 - Starting...
2022-04-23_17-33-45 [restartedMain] INFO  com.zaxxer.hikari.HikariDataSource - HikariPool-1 - Start completed.
2022-04-23_17-33-45 [restartedMain] INFO  o.s.b.a.h.H2ConsoleAutoConfiguration - H2 console available at '/db'. Database available at 'jdbc:h2:mem:testdb'
2022-04-23_17-33-45 [restartedMain] INFO  o.h.jpa.internal.util.LogHelper - HHH000204: Processing PersistenceUnitInfo [name: default]
2022-04-23_17-33-45 [restartedMain] INFO  org.hibernate.Version - HHH000412: Hibernate ORM core version 5.4.27.Final
2022-04-23_17-33-45 [restartedMain] INFO  o.h.annotations.common.Version - HCANN000001: Hibernate Commons Annotations {5.1.2.Final}
2022-04-23_17-33-45 [restartedMain] INFO  org.hibernate.dialect.Dialect - HHH000400: Using dialect: org.hibernate.dialect.H2Dialect
2022-04-23_17-33-45 [restartedMain] INFO  o.h.e.t.j.p.i.JtaPlatformInitiator - HHH000490: Using JtaPlatform implementation: [org.hibernate.engine.transaction.jta.platform.internal.NoJtaPlatform]
2022-04-23_17-33-45 [restartedMain] INFO  o.s.o.j.LocalContainerEntityManagerFactoryBean - Initialized JPA EntityManagerFactory for persistence unit 'default'
2022-04-23_17-33-45 [restartedMain] INFO  o.s.b.d.a.OptionalLiveReloadServer - LiveReload server is running on port 35729
2022-04-23_17-33-45 [restartedMain] INFO  o.s.b.a.e.web.EndpointLinksResolver - Exposing 2 endpoint(s) beneath base path '/actuator'
2022-04-23_17-33-45 [restartedMain] INFO  s.d.s.w.PropertySourcedRequestMappingHandlerMapping - Mapped URL path [/v2/api-docs] onto method [springfox.documentation.swagger2.web.Swagger2Controller#getDocumentation(String, HttpServletRequest)]
2022-04-23_17-33-45 [restartedMain] INFO  o.s.s.web.DefaultSecurityFilterChain - Will secure any request with [org.springframework.security.web.context.request.async.WebAsyncManagerIntegrationFilter@6680b9f2, org.springframework.security.web.context.SecurityContextPersistenceFilter@44a14365, org.springframework.security.web.header.HeaderWriterFilter@46883c5f, org.springframework.security.web.authentication.logout.LogoutFilter@3b7b8a8a, com.cts.authorization.config.JwtRequestFilter@69dc65b0, org.springframework.security.web.savedrequest.RequestCacheAwareFilter@6257cffb, org.springframework.security.web.servletapi.SecurityContextHolderAwareRequestFilter@62f8b7c9, org.springframework.security.web.authentication.AnonymousAuthenticationFilter@176d514b, org.springframework.security.web.session.SessionManagementFilter@3c5fc042, org.springframework.security.web.access.ExceptionTranslationFilter@5929af5b, org.springframework.security.web.access.intercept.FilterSecurityInterceptor@6d5e9dea]
2022-04-23_17-33-45 [restartedMain] INFO  o.s.s.c.ThreadPoolTaskExecutor - Initializing ExecutorService 'applicationTaskExecutor'
2022-04-23_17-33-45 [restartedMain] INFO  o.a.coyote.http11.Http11NioProtocol - Starting ProtocolHandler ["http-nio-8400"]
2022-04-23_17-33-45 [restartedMain] INFO  o.s.b.w.e.tomcat.TomcatWebServer - Tomcat started on port(s): 8400 (http) with context path '/auth'
2022-04-23_17-33-45 [restartedMain] INFO  s.d.s.w.p.DocumentationPluginsBootstrapper - Context refreshed
2022-04-23_17-33-45 [restartedMain] INFO  s.d.s.w.p.DocumentationPluginsBootstrapper - Found 1 custom documentation plugin(s)
2022-04-23_17-33-45 [restartedMain] INFO  s.d.s.w.s.ApiListingReferenceScanner - Scanning for api listing references
2022-04-23_17-33-45 [restartedMain] INFO  s.d.s.w.r.o.CachingOperationNameGenerator - Generating unique operation named: handleUsingGET_1
2022-04-23_17-33-45 [restartedMain] INFO  s.d.s.w.r.o.CachingOperationNameGenerator - Generating unique operation named: handleUsingGET_2
2022-04-23_17-33-45 [restartedMain] INFO  c.c.a.AuthorizationMicroserviceApplication - Started AuthorizationMicroserviceApplication in 36.13 seconds (JVM running for 40.557)
2022-04-23_17-33-45 [http-nio-8400-exec-3] INFO  o.a.c.c.C.[.[localhost].[/auth] - Initializing Spring DispatcherServlet 'dispatcherServlet'
2022-04-23_17-33-45 [http-nio-8400-exec-3] INFO  o.s.web.servlet.DispatcherServlet - Initializing Servlet 'dispatcherServlet'
2022-04-23_17-33-45 [http-nio-8400-exec-3] INFO  o.s.web.servlet.DispatcherServlet - Completed initialization in 8 ms
2022-04-23_17-33-45 [http-nio-8400-exec-5] INFO  c.c.a.service.JwtUserDetailsService - User found
2022-04-23_17-33-45 [http-nio-8400-exec-5] INFO  c.c.a.service.JwtUserDetailsService - user successfully located
2022-04-23_17-33-45 [http-nio-8400-exec-5] INFO  c.c.a.service.JwtUserDetailsService - User found
2022-04-23_17-33-45 [http-nio-8400-exec-5] INFO  c.c.a.service.JwtUserDetailsService - user successfully located
2022-04-23_17-33-45 [http-nio-8400-exec-7] INFO  c.c.a.service.JwtUserDetailsService - User found
2022-04-23_17-33-45 [http-nio-8400-exec-7] INFO  c.c.a.service.JwtUserDetailsService - user successfully located
2022-04-23_17-33-45 [http-nio-8400-exec-2] INFO  c.c.a.service.JwtUserDetailsService - User found
2022-04-23_17-33-45 [http-nio-8400-exec-2] INFO  c.c.a.service.JwtUserDetailsService - user successfully located
2022-04-23_19-42-03 [restartedMain] INFO  c.c.a.AuthorizationMicroserviceApplication - Starting AuthorizationMicroserviceApplication using Java 18 on DESKTOP-DAC986Q with PID 1776 (C:\Users\Elcot\Downloads\Pension-Management-System\Authorization-Microservice\target\classes started by Elcot in C:\Users\Elcot\Downloads\Pension-Management-System\Authorization-Microservice)
2022-04-23_19-42-03 [restartedMain] INFO  c.c.a.AuthorizationMicroserviceApplication - No active profile set, falling back to default profiles: default
2022-04-23_19-42-03 [restartedMain] INFO  o.s.b.d.e.DevToolsPropertyDefaultsPostProcessor - Devtools property defaults active! Set 'spring.devtools.add-properties' to 'false' to disable
2022-04-23_19-42-03 [restartedMain] INFO  o.s.b.d.e.DevToolsPropertyDefaultsPostProcessor - For additional web related logging consider setting the 'logging.level.web' property to 'DEBUG'
2022-04-23_19-42-03 [restartedMain] INFO  o.s.d.r.c.RepositoryConfigurationDelegate - Bootstrapping Spring Data JPA repositories in DEFAULT mode.
2022-04-23_19-42-03 [restartedMain] INFO  o.s.d.r.c.RepositoryConfigurationDelegate - Finished Spring Data repository scanning in 789 ms. Found 1 JPA repository interfaces.
2022-04-23_19-42-03 [restartedMain] INFO  o.s.cloud.context.scope.GenericScope - BeanFactory id=edddad8d-4f8b-3de1-9e23-4996f9518ee0
2022-04-23_19-42-03 [restartedMain] INFO  o.s.b.w.e.tomcat.TomcatWebServer - Tomcat initialized with port(s): 8400 (http)
2022-04-23_19-42-03 [restartedMain] INFO  o.a.coyote.http11.Http11NioProtocol - Initializing ProtocolHandler ["http-nio-8400"]
2022-04-23_19-42-03 [restartedMain] INFO  o.a.catalina.core.StandardService - Starting service [Tomcat]
2022-04-23_19-42-03 [restartedMain] INFO  o.a.catalina.core.StandardEngine - Starting Servlet engine: [Apache Tomcat/9.0.41]
2022-04-23_19-42-03 [restartedMain] INFO  o.a.c.c.C.[.[localhost].[/auth] - Initializing Spring embedded WebApplicationContext
2022-04-23_19-42-03 [restartedMain] INFO  o.s.b.w.s.c.ServletWebServerApplicationContext - Root WebApplicationContext: initialization completed in 35861 ms
2022-04-23_19-42-03 [restartedMain] INFO  com.zaxxer.hikari.HikariDataSource - HikariPool-1 - Starting...
2022-04-23_19-42-03 [restartedMain] INFO  com.zaxxer.hikari.HikariDataSource - HikariPool-1 - Start completed.
2022-04-23_19-42-03 [restartedMain] INFO  o.s.b.a.h.H2ConsoleAutoConfiguration - H2 console available at '/db'. Database available at 'jdbc:h2:mem:testdb'
2022-04-23_19-42-03 [restartedMain] INFO  o.h.jpa.internal.util.LogHelper - HHH000204: Processing PersistenceUnitInfo [name: default]
2022-04-23_19-42-03 [restartedMain] INFO  org.hibernate.Version - HHH000412: Hibernate ORM core version 5.4.27.Final
2022-04-23_19-42-03 [restartedMain] INFO  o.h.annotations.common.Version - HCANN000001: Hibernate Commons Annotations {5.1.2.Final}
2022-04-23_19-42-03 [restartedMain] INFO  org.hibernate.dialect.Dialect - HHH000400: Using dialect: org.hibernate.dialect.H2Dialect
2022-04-23_19-42-03 [restartedMain] INFO  o.h.e.t.j.p.i.JtaPlatformInitiator - HHH000490: Using JtaPlatform implementation: [org.hibernate.engine.transaction.jta.platform.internal.NoJtaPlatform]
2022-04-23_19-42-03 [restartedMain] INFO  o.s.o.j.LocalContainerEntityManagerFactoryBean - Initialized JPA EntityManagerFactory for persistence unit 'default'
2022-04-23_19-42-03 [restartedMain] INFO  o.s.b.a.e.web.EndpointLinksResolver - Exposing 2 endpoint(s) beneath base path '/actuator'
2022-04-23_19-42-03 [restartedMain] INFO  s.d.s.w.PropertySourcedRequestMappingHandlerMapping - Mapped URL path [/v2/api-docs] onto method [springfox.documentation.swagger2.web.Swagger2Controller#getDocumentation(String, HttpServletRequest)]
2022-04-23_19-42-03 [restartedMain] INFO  o.s.s.web.DefaultSecurityFilterChain - Will secure any request with [org.springframework.security.web.context.request.async.WebAsyncManagerIntegrationFilter@421d5fab, org.springframework.security.web.context.SecurityContextPersistenceFilter@4c6f508a, org.springframework.security.web.header.HeaderWriterFilter@49a3c182, org.springframework.security.web.authentication.logout.LogoutFilter@14028ee0, com.cts.authorization.config.JwtRequestFilter@3612a35c, org.springframework.security.web.savedrequest.RequestCacheAwareFilter@25bb996e, org.springframework.security.web.servletapi.SecurityContextHolderAwareRequestFilter@577012b0, org.springframework.security.web.authentication.AnonymousAuthenticationFilter@16ef8dc4, org.springframework.security.web.session.SessionManagementFilter@fd1c9bf, org.springframework.security.web.access.ExceptionTranslationFilter@4d8b3cd7, org.springframework.security.web.access.intercept.FilterSecurityInterceptor@37857be9]
2022-04-23_19-42-03 [restartedMain] INFO  o.s.s.c.ThreadPoolTaskExecutor - Initializing ExecutorService 'applicationTaskExecutor'
2022-04-23_19-42-03 [restartedMain] INFO  o.a.coyote.http11.Http11NioProtocol - Starting ProtocolHandler ["http-nio-8400"]
2022-04-23_19-42-03 [restartedMain] INFO  o.s.b.w.e.tomcat.TomcatWebServer - Tomcat started on port(s): 8400 (http) with context path '/auth'
2022-04-23_19-42-03 [restartedMain] INFO  s.d.s.w.p.DocumentationPluginsBootstrapper - Context refreshed
2022-04-23_19-42-03 [restartedMain] INFO  s.d.s.w.p.DocumentationPluginsBootstrapper - Found 1 custom documentation plugin(s)
2022-04-23_19-42-03 [restartedMain] INFO  s.d.s.w.s.ApiListingReferenceScanner - Scanning for api listing references
2022-04-23_19-42-03 [restartedMain] INFO  s.d.s.w.r.o.CachingOperationNameGenerator - Generating unique operation named: handleUsingGET_1
2022-04-23_19-42-03 [restartedMain] INFO  s.d.s.w.r.o.CachingOperationNameGenerator - Generating unique operation named: handleUsingGET_2
2022-04-23_19-42-03 [restartedMain] INFO  c.c.a.AuthorizationMicroserviceApplication - Started AuthorizationMicroserviceApplication in 89.057 seconds (JVM running for 100.729)
2022-04-23_19-42-03 [http-nio-8400-exec-1] INFO  o.a.c.c.C.[.[localhost].[/auth] - Initializing Spring DispatcherServlet 'dispatcherServlet'
2022-04-23_19-42-03 [http-nio-8400-exec-1] INFO  o.s.web.servlet.DispatcherServlet - Initializing Servlet 'dispatcherServlet'
2022-04-23_19-42-03 [http-nio-8400-exec-1] INFO  o.s.web.servlet.DispatcherServlet - Completed initialization in 4 ms
2022-04-23_19-42-03 [http-nio-8400-exec-1] INFO  c.c.a.service.JwtUserDetailsService - User found
2022-04-23_19-42-03 [http-nio-8400-exec-1] INFO  c.c.a.service.JwtUserDetailsService - user successfully located
2022-04-23_19-42-03 [http-nio-8400-exec-1] INFO  c.c.a.service.JwtUserDetailsService - User found
2022-04-23_19-42-03 [http-nio-8400-exec-1] INFO  c.c.a.service.JwtUserDetailsService - user successfully located
2022-04-23_19-42-03 [http-nio-8400-exec-2] INFO  c.c.a.service.JwtUserDetailsService - User found
2022-04-23_19-42-03 [http-nio-8400-exec-2] INFO  c.c.a.service.JwtUserDetailsService - user successfully located
2022-04-23_19-42-03 [http-nio-8400-exec-3] INFO  c.c.a.service.JwtUserDetailsService - User found
2022-04-23_19-42-03 [http-nio-8400-exec-3] INFO  c.c.a.service.JwtUserDetailsService - user successfully located
2022-04-23_19-42-03 [http-nio-8400-exec-4] INFO  c.c.a.service.JwtUserDetailsService - User found
2022-04-23_19-42-03 [http-nio-8400-exec-4] INFO  c.c.a.service.JwtUserDetailsService - user successfully located
2022-04-23_19-42-03 [http-nio-8400-exec-5] INFO  c.c.a.service.JwtUserDetailsService - User found
2022-04-23_19-42-03 [http-nio-8400-exec-5] INFO  c.c.a.service.JwtUserDetailsService - user successfully located
2022-04-23_19-42-03 [http-nio-8400-exec-6] INFO  c.c.a.service.JwtUserDetailsService - User found
2022-04-23_19-42-03 [http-nio-8400-exec-6] INFO  c.c.a.service.JwtUserDetailsService - user successfully located
2022-04-23_19-42-03 [http-nio-8400-exec-8] INFO  c.c.a.service.JwtUserDetailsService - User found
2022-04-23_19-42-03 [http-nio-8400-exec-8] INFO  c.c.a.service.JwtUserDetailsService - user successfully located
2022-04-23_19-42-03 [http-nio-8400-exec-9] INFO  c.c.a.service.JwtUserDetailsService - User found
2022-04-23_19-42-03 [http-nio-8400-exec-9] INFO  c.c.a.service.JwtUserDetailsService - user successfully located
2022-04-23_19-42-03 [http-nio-8400-exec-10] INFO  c.c.a.service.JwtUserDetailsService - User found
2022-04-23_19-42-03 [http-nio-8400-exec-10] INFO  c.c.a.service.JwtUserDetailsService - user successfully located
2022-04-23_19-42-03 [http-nio-8400-exec-1] INFO  c.c.a.service.JwtUserDetailsService - User found
2022-04-23_19-42-03 [http-nio-8400-exec-1] INFO  c.c.a.service.JwtUserDetailsService - user successfully located
2022-04-23_19-42-03 [http-nio-8400-exec-2] INFO  c.c.a.service.JwtUserDetailsService - User found
2022-04-23_19-42-03 [http-nio-8400-exec-2] INFO  c.c.a.service.JwtUserDetailsService - user successfully located
2022-04-23_19-42-03 [http-nio-8400-exec-2] INFO  c.c.a.service.JwtUserDetailsService - User found
2022-04-23_19-42-03 [http-nio-8400-exec-2] INFO  c.c.a.service.JwtUserDetailsService - user successfully located
2022-04-23_19-42-03 [http-nio-8400-exec-3] INFO  c.c.a.service.JwtUserDetailsService - User found
2022-04-23_19-42-03 [http-nio-8400-exec-3] INFO  c.c.a.service.JwtUserDetailsService - user successfully located
2022-04-23_19-42-03 [http-nio-8400-exec-4] INFO  c.c.a.service.JwtUserDetailsService - User found
2022-04-23_19-42-03 [http-nio-8400-exec-4] INFO  c.c.a.service.JwtUserDetailsService - user successfully located
2022-04-23_19-42-03 [http-nio-8400-exec-5] INFO  c.c.a.service.JwtUserDetailsService - User found
2022-04-23_19-42-03 [http-nio-8400-exec-5] INFO  c.c.a.service.JwtUserDetailsService - user successfully located
2022-04-23_19-42-03 [http-nio-8400-exec-9] INFO  c.c.a.service.JwtUserDetailsService - User found
2022-04-23_19-42-03 [http-nio-8400-exec-9] INFO  c.c.a.service.JwtUserDetailsService - user successfully located
2022-04-23_19-42-03 [http-nio-8400-exec-9] INFO  c.c.a.service.JwtUserDetailsService - User found
2022-04-23_19-42-03 [http-nio-8400-exec-9] INFO  c.c.a.service.JwtUserDetailsService - user successfully located
2022-04-23_19-42-03 [http-nio-8400-exec-10] INFO  c.c.a.service.JwtUserDetailsService - User found
2022-04-23_19-42-03 [http-nio-8400-exec-10] INFO  c.c.a.service.JwtUserDetailsService - user successfully located
2022-04-23_19-42-03 [http-nio-8400-exec-1] INFO  c.c.a.service.JwtUserDetailsService - User found
2022-04-23_19-42-03 [http-nio-8400-exec-1] INFO  c.c.a.service.JwtUserDetailsService - user successfully located
2022-04-23_19-42-03 [http-nio-8400-exec-1] INFO  c.c.a.service.JwtUserDetailsService - User found
2022-04-23_19-42-03 [http-nio-8400-exec-1] INFO  c.c.a.service.JwtUserDetailsService - user successfully located
2022-04-23_21-26-19 [restartedMain] INFO  c.c.a.AuthorizationMicroserviceApplication - Starting AuthorizationMicroserviceApplication using Java 18 on DESKTOP-DAC986Q with PID 9272 (C:\Users\Elcot\Downloads\Pension-Management-System\Authorization-Microservice\target\classes started by Elcot in C:\Users\Elcot\Downloads\Pension-Management-System\Authorization-Microservice)
2022-04-23_21-26-19 [restartedMain] INFO  c.c.a.AuthorizationMicroserviceApplication - No active profile set, falling back to default profiles: default
2022-04-23_21-26-19 [restartedMain] INFO  o.s.b.d.e.DevToolsPropertyDefaultsPostProcessor - Devtools property defaults active! Set 'spring.devtools.add-properties' to 'false' to disable
2022-04-23_21-26-19 [restartedMain] INFO  o.s.b.d.e.DevToolsPropertyDefaultsPostProcessor - For additional web related logging consider setting the 'logging.level.web' property to 'DEBUG'
2022-04-23_21-26-19 [restartedMain] INFO  o.s.d.r.c.RepositoryConfigurationDelegate - Bootstrapping Spring Data JPA repositories in DEFAULT mode.
2022-04-23_21-26-19 [restartedMain] INFO  o.s.d.r.c.RepositoryConfigurationDelegate - Finished Spring Data repository scanning in 2024 ms. Found 1 JPA repository interfaces.
2022-04-23_21-26-19 [restartedMain] INFO  o.s.cloud.context.scope.GenericScope - BeanFactory id=edddad8d-4f8b-3de1-9e23-4996f9518ee0
2022-04-23_21-26-19 [restartedMain] INFO  o.s.b.w.e.tomcat.TomcatWebServer - Tomcat initialized with port(s): 8400 (http)
2022-04-23_21-26-19 [restartedMain] INFO  o.a.coyote.http11.Http11NioProtocol - Initializing ProtocolHandler ["http-nio-8400"]
2022-04-23_21-26-19 [restartedMain] INFO  o.a.catalina.core.StandardService - Starting service [Tomcat]
2022-04-23_21-26-19 [restartedMain] INFO  o.a.catalina.core.StandardEngine - Starting Servlet engine: [Apache Tomcat/9.0.41]
2022-04-23_21-26-19 [restartedMain] INFO  o.a.c.c.C.[.[localhost].[/auth] - Initializing Spring embedded WebApplicationContext
2022-04-23_21-26-19 [restartedMain] INFO  o.s.b.w.s.c.ServletWebServerApplicationContext - Root WebApplicationContext: initialization completed in 44162 ms
2022-04-23_21-26-19 [restartedMain] INFO  com.zaxxer.hikari.HikariDataSource - HikariPool-1 - Starting...
2022-04-23_21-26-19 [restartedMain] INFO  com.zaxxer.hikari.HikariDataSource - HikariPool-1 - Start completed.
2022-04-23_21-26-19 [restartedMain] INFO  o.s.b.a.h.H2ConsoleAutoConfiguration - H2 console available at '/db'. Database available at 'jdbc:h2:mem:testdb'
2022-04-23_21-26-19 [restartedMain] INFO  o.h.jpa.internal.util.LogHelper - HHH000204: Processing PersistenceUnitInfo [name: default]
2022-04-23_21-26-19 [restartedMain] INFO  org.hibernate.Version - HHH000412: Hibernate ORM core version 5.4.27.Final
2022-04-23_21-26-19 [restartedMain] INFO  o.h.annotations.common.Version - HCANN000001: Hibernate Commons Annotations {5.1.2.Final}
2022-04-23_21-26-19 [restartedMain] INFO  org.hibernate.dialect.Dialect - HHH000400: Using dialect: org.hibernate.dialect.H2Dialect
2022-04-23_21-26-19 [restartedMain] INFO  o.h.e.t.j.p.i.JtaPlatformInitiator - HHH000490: Using JtaPlatform implementation: [org.hibernate.engine.transaction.jta.platform.internal.NoJtaPlatform]
2022-04-23_21-26-19 [restartedMain] INFO  o.s.o.j.LocalContainerEntityManagerFactoryBean - Initialized JPA EntityManagerFactory for persistence unit 'default'
2022-04-23_21-26-19 [restartedMain] INFO  o.s.b.a.e.web.EndpointLinksResolver - Exposing 2 endpoint(s) beneath base path '/actuator'
2022-04-23_21-26-19 [restartedMain] INFO  s.d.s.w.PropertySourcedRequestMappingHandlerMapping - Mapped URL path [/v2/api-docs] onto method [springfox.documentation.swagger2.web.Swagger2Controller#getDocumentation(String, HttpServletRequest)]
2022-04-23_21-26-19 [restartedMain] INFO  o.s.s.web.DefaultSecurityFilterChain - Will secure any request with [org.springframework.security.web.context.request.async.WebAsyncManagerIntegrationFilter@4b077621, org.springframework.security.web.context.SecurityContextPersistenceFilter@392ff4f6, org.springframework.security.web.header.HeaderWriterFilter@7704ade9, org.springframework.security.web.authentication.logout.LogoutFilter@bdfef69, com.cts.authorization.config.JwtRequestFilter@6175bda9, org.springframework.security.web.savedrequest.RequestCacheAwareFilter@4a244168, org.springframework.security.web.servletapi.SecurityContextHolderAwareRequestFilter@25a9ab29, org.springframework.security.web.authentication.AnonymousAuthenticationFilter@151ca60, org.springframework.security.web.session.SessionManagementFilter@14cb239c, org.springframework.security.web.access.ExceptionTranslationFilter@2a517451, org.springframework.security.web.access.intercept.FilterSecurityInterceptor@1b58c1ae]
2022-04-23_21-26-19 [restartedMain] INFO  o.s.s.c.ThreadPoolTaskExecutor - Initializing ExecutorService 'applicationTaskExecutor'
2022-04-23_21-26-19 [restartedMain] INFO  o.a.coyote.http11.Http11NioProtocol - Starting ProtocolHandler ["http-nio-8400"]
2022-04-23_21-26-19 [restartedMain] INFO  o.s.b.w.e.tomcat.TomcatWebServer - Tomcat started on port(s): 8400 (http) with context path '/auth'
2022-04-23_21-26-19 [restartedMain] INFO  s.d.s.w.p.DocumentationPluginsBootstrapper - Context refreshed
2022-04-23_21-26-19 [restartedMain] INFO  s.d.s.w.p.DocumentationPluginsBootstrapper - Found 1 custom documentation plugin(s)
2022-04-23_21-26-19 [restartedMain] INFO  s.d.s.w.s.ApiListingReferenceScanner - Scanning for api listing references
2022-04-23_21-26-19 [restartedMain] INFO  s.d.s.w.r.o.CachingOperationNameGenerator - Generating unique operation named: handleUsingGET_1
2022-04-23_21-26-19 [restartedMain] INFO  s.d.s.w.r.o.CachingOperationNameGenerator - Generating unique operation named: handleUsingGET_2
2022-04-23_21-26-19 [restartedMain] INFO  c.c.a.AuthorizationMicroserviceApplication - Started AuthorizationMicroserviceApplication in 110.476 seconds (JVM running for 116.542)
2022-04-23_21-31-20 [restartedMain] INFO  c.c.a.AuthorizationMicroserviceApplication - Starting AuthorizationMicroserviceApplication using Java 18 on DESKTOP-DAC986Q with PID 8224 (C:\Users\Elcot\Downloads\Pension-Management-System\Authorization-Microservice\target\classes started by Elcot in C:\Users\Elcot\Downloads\Pension-Management-System\Authorization-Microservice)
2022-04-23_21-31-20 [restartedMain] INFO  c.c.a.AuthorizationMicroserviceApplication - No active profile set, falling back to default profiles: default
2022-04-23_21-31-20 [restartedMain] INFO  o.s.b.d.e.DevToolsPropertyDefaultsPostProcessor - Devtools property defaults active! Set 'spring.devtools.add-properties' to 'false' to disable
2022-04-23_21-31-20 [restartedMain] INFO  o.s.b.d.e.DevToolsPropertyDefaultsPostProcessor - For additional web related logging consider setting the 'logging.level.web' property to 'DEBUG'
2022-04-23_21-31-20 [restartedMain] INFO  o.s.d.r.c.RepositoryConfigurationDelegate - Bootstrapping Spring Data JPA repositories in DEFAULT mode.
2022-04-23_21-31-20 [restartedMain] INFO  o.s.d.r.c.RepositoryConfigurationDelegate - Finished Spring Data repository scanning in 294 ms. Found 1 JPA repository interfaces.
2022-04-23_21-31-20 [restartedMain] INFO  o.s.cloud.context.scope.GenericScope - BeanFactory id=edddad8d-4f8b-3de1-9e23-4996f9518ee0
2022-04-23_21-31-20 [restartedMain] INFO  o.s.b.w.e.tomcat.TomcatWebServer - Tomcat initialized with port(s): 8400 (http)
2022-04-23_21-31-20 [restartedMain] INFO  o.a.coyote.http11.Http11NioProtocol - Initializing ProtocolHandler ["http-nio-8400"]
2022-04-23_21-31-20 [restartedMain] INFO  o.a.catalina.core.StandardService - Starting service [Tomcat]
2022-04-23_21-31-20 [restartedMain] INFO  o.a.catalina.core.StandardEngine - Starting Servlet engine: [Apache Tomcat/9.0.41]
2022-04-23_21-31-20 [restartedMain] INFO  o.a.c.c.C.[.[localhost].[/auth] - Initializing Spring embedded WebApplicationContext
2022-04-23_21-31-20 [restartedMain] INFO  o.s.b.w.s.c.ServletWebServerApplicationContext - Root WebApplicationContext: initialization completed in 10022 ms
2022-04-23_21-31-20 [restartedMain] INFO  com.zaxxer.hikari.HikariDataSource - HikariPool-1 - Starting...
2022-04-23_21-31-20 [restartedMain] INFO  com.zaxxer.hikari.HikariDataSource - HikariPool-1 - Start completed.
2022-04-23_21-31-20 [restartedMain] INFO  o.s.b.a.h.H2ConsoleAutoConfiguration - H2 console available at '/db'. Database available at 'jdbc:h2:mem:testdb'
2022-04-23_21-31-20 [restartedMain] INFO  o.h.jpa.internal.util.LogHelper - HHH000204: Processing PersistenceUnitInfo [name: default]
2022-04-23_21-31-20 [restartedMain] INFO  org.hibernate.Version - HHH000412: Hibernate ORM core version 5.4.27.Final
2022-04-23_21-31-20 [restartedMain] INFO  o.h.annotations.common.Version - HCANN000001: Hibernate Commons Annotations {5.1.2.Final}
2022-04-23_21-31-20 [restartedMain] INFO  org.hibernate.dialect.Dialect - HHH000400: Using dialect: org.hibernate.dialect.H2Dialect
2022-04-23_21-31-20 [restartedMain] INFO  o.h.e.t.j.p.i.JtaPlatformInitiator - HHH000490: Using JtaPlatform implementation: [org.hibernate.engine.transaction.jta.platform.internal.NoJtaPlatform]
2022-04-23_21-31-20 [restartedMain] INFO  o.s.o.j.LocalContainerEntityManagerFactoryBean - Initialized JPA EntityManagerFactory for persistence unit 'default'
2022-04-23_21-31-20 [restartedMain] INFO  o.s.b.d.a.OptionalLiveReloadServer - LiveReload server is running on port 35729
2022-04-23_21-31-20 [restartedMain] INFO  o.s.b.a.e.web.EndpointLinksResolver - Exposing 2 endpoint(s) beneath base path '/actuator'
2022-04-23_21-31-20 [restartedMain] INFO  s.d.s.w.PropertySourcedRequestMappingHandlerMapping - Mapped URL path [/v2/api-docs] onto method [springfox.documentation.swagger2.web.Swagger2Controller#getDocumentation(String, HttpServletRequest)]
2022-04-23_21-31-20 [restartedMain] INFO  o.s.s.web.DefaultSecurityFilterChain - Will secure any request with [org.springframework.security.web.context.request.async.WebAsyncManagerIntegrationFilter@3f0f74c8, org.springframework.security.web.context.SecurityContextPersistenceFilter@62f8b7c9, org.springframework.security.web.header.HeaderWriterFilter@1b8dbe0e, org.springframework.security.web.authentication.logout.LogoutFilter@5a62ab6a, com.cts.authorization.config.JwtRequestFilter@4a144d91, org.springframework.security.web.savedrequest.RequestCacheAwareFilter@4c3e599d, org.springframework.security.web.servletapi.SecurityContextHolderAwareRequestFilter@1606877, org.springframework.security.web.authentication.AnonymousAuthenticationFilter@6bc1f0eb, org.springframework.security.web.session.SessionManagementFilter@1fa58a75, org.springframework.security.web.access.ExceptionTranslationFilter@669ec311, org.springframework.security.web.access.intercept.FilterSecurityInterceptor@467e9456]
2022-04-23_21-31-20 [restartedMain] INFO  o.s.s.c.ThreadPoolTaskExecutor - Initializing ExecutorService 'applicationTaskExecutor'
2022-04-23_21-31-20 [restartedMain] INFO  o.a.coyote.http11.Http11NioProtocol - Starting ProtocolHandler ["http-nio-8400"]
2022-04-23_21-31-20 [restartedMain] INFO  o.s.b.w.e.tomcat.TomcatWebServer - Tomcat started on port(s): 8400 (http) with context path '/auth'
2022-04-23_21-31-20 [restartedMain] INFO  s.d.s.w.p.DocumentationPluginsBootstrapper - Context refreshed
2022-04-23_21-31-20 [restartedMain] INFO  s.d.s.w.p.DocumentationPluginsBootstrapper - Found 1 custom documentation plugin(s)
2022-04-23_21-31-20 [restartedMain] INFO  s.d.s.w.s.ApiListingReferenceScanner - Scanning for api listing references
2022-04-23_21-31-20 [restartedMain] INFO  s.d.s.w.r.o.CachingOperationNameGenerator - Generating unique operation named: handleUsingGET_1
2022-04-23_21-31-20 [restartedMain] INFO  s.d.s.w.r.o.CachingOperationNameGenerator - Generating unique operation named: handleUsingGET_2
2022-04-23_21-31-20 [restartedMain] INFO  c.c.a.AuthorizationMicroserviceApplication - Started AuthorizationMicroserviceApplication in 22.875 seconds (JVM running for 25.521)
2022-04-23_21-31-20 [http-nio-8400-exec-6] INFO  o.a.c.c.C.[.[localhost].[/auth] - Initializing Spring DispatcherServlet 'dispatcherServlet'
2022-04-23_21-31-20 [http-nio-8400-exec-6] INFO  o.s.web.servlet.DispatcherServlet - Initializing Servlet 'dispatcherServlet'
2022-04-23_21-31-20 [http-nio-8400-exec-6] INFO  o.s.web.servlet.DispatcherServlet - Completed initialization in 489 ms
