2022-05-18_22-31-46 [restartedMain] INFO  c.a.AuthorizationMicroserviceApplication - Starting AuthorizationMicroserviceApplication using Java 18 on DESKTOP-DAC986Q with PID 11076 (E:\Prod\PMS-JAVA\Authorization-Microservice\target\classes started by Elcot in E:\Prod\PMS-JAVA\Authorization-Microservice)
2022-05-18_22-31-46 [restartedMain] INFO  c.a.AuthorizationMicroserviceApplication - No active profile set, falling back to default profiles: default
2022-05-18_22-31-46 [restartedMain] INFO  o.s.b.d.e.DevToolsPropertyDefaultsPostProcessor - Devtools property defaults active! Set 'spring.devtools.add-properties' to 'false' to disable
2022-05-18_22-31-46 [restartedMain] INFO  o.s.b.d.e.DevToolsPropertyDefaultsPostProcessor - For additional web related logging consider setting the 'logging.level.web' property to 'DEBUG'
2022-05-18_22-31-46 [restartedMain] INFO  o.s.d.r.c.RepositoryConfigurationDelegate - Bootstrapping Spring Data JPA repositories in DEFAULT mode.
2022-05-18_22-31-46 [restartedMain] INFO  o.s.d.r.c.RepositoryConfigurationDelegate - Finished Spring Data repository scanning in 1626 ms. Found 1 JPA repository interfaces.
2022-05-18_22-31-46 [restartedMain] INFO  o.s.cloud.context.scope.GenericScope - BeanFactory id=edddad8d-4f8b-3de1-9e23-4996f9518ee0
2022-05-18_22-31-46 [restartedMain] INFO  o.s.b.w.e.tomcat.TomcatWebServer - Tomcat initialized with port(s): 8000 (http)
2022-05-18_22-31-46 [restartedMain] INFO  o.a.coyote.http11.Http11NioProtocol - Initializing ProtocolHandler ["http-nio-8000"]
2022-05-18_22-31-46 [restartedMain] INFO  o.a.catalina.core.StandardService - Starting service [Tomcat]
2022-05-18_22-31-46 [restartedMain] INFO  o.a.catalina.core.StandardEngine - Starting Servlet engine: [Apache Tomcat/9.0.41]
2022-05-18_22-31-46 [restartedMain] INFO  o.a.c.c.C.[.[localhost].[/auth] - Initializing Spring embedded WebApplicationContext
2022-05-18_22-31-46 [restartedMain] INFO  o.s.b.w.s.c.ServletWebServerApplicationContext - Root WebApplicationContext: initialization completed in 53399 ms
2022-05-18_22-31-46 [restartedMain] INFO  com.zaxxer.hikari.HikariDataSource - HikariPool-1 - Starting...
2022-05-18_22-31-46 [restartedMain] INFO  com.zaxxer.hikari.HikariDataSource - HikariPool-1 - Start completed.
2022-05-18_22-31-46 [restartedMain] INFO  o.s.b.a.h.H2ConsoleAutoConfiguration - H2 console available at '/h2-console'. Database available at 'jdbc:h2:mem:testdb'
2022-05-18_22-31-46 [restartedMain] INFO  o.h.jpa.internal.util.LogHelper - HHH000204: Processing PersistenceUnitInfo [name: default]
2022-05-18_22-31-46 [restartedMain] INFO  org.hibernate.Version - HHH000412: Hibernate ORM core version 5.4.27.Final
2022-05-18_22-31-46 [restartedMain] INFO  o.h.annotations.common.Version - HCANN000001: Hibernate Commons Annotations {5.1.2.Final}
2022-05-18_22-31-46 [restartedMain] INFO  org.hibernate.dialect.Dialect - HHH000400: Using dialect: org.hibernate.dialect.H2Dialect
2022-05-18_22-31-46 [restartedMain] INFO  o.h.e.t.j.p.i.JtaPlatformInitiator - HHH000490: Using JtaPlatform implementation: [org.hibernate.engine.transaction.jta.platform.internal.NoJtaPlatform]
2022-05-18_22-31-46 [restartedMain] INFO  o.s.o.j.LocalContainerEntityManagerFactoryBean - Initialized JPA EntityManagerFactory for persistence unit 'default'
2022-05-18_22-31-46 [restartedMain] INFO  o.s.b.a.e.web.EndpointLinksResolver - Exposing 2 endpoint(s) beneath base path '/actuator'
2022-05-18_22-31-46 [restartedMain] INFO  s.d.s.w.PropertySourcedRequestMappingHandlerMapping - Mapped URL path [/v2/api-docs] onto method [springfox.documentation.swagger2.web.Swagger2Controller#getDocumentation(String, HttpServletRequest)]
2022-05-18_22-31-46 [restartedMain] INFO  o.s.s.web.DefaultSecurityFilterChain - Will secure any request with [org.springframework.security.web.context.request.async.WebAsyncManagerIntegrationFilter@16a90339, org.springframework.security.web.context.SecurityContextPersistenceFilter@6363c827, org.springframework.security.web.header.HeaderWriterFilter@1a11c1f3, org.springframework.security.web.authentication.logout.LogoutFilter@29581090, com.authorization.config.JwtRequestFilter@547c6299, org.springframework.security.web.savedrequest.RequestCacheAwareFilter@742ea9ae, org.springframework.security.web.servletapi.SecurityContextHolderAwareRequestFilter@27f4ffa8, org.springframework.security.web.authentication.AnonymousAuthenticationFilter@48db8632, org.springframework.security.web.session.SessionManagementFilter@202d0d47, org.springframework.security.web.access.ExceptionTranslationFilter@2ca33517, org.springframework.security.web.access.intercept.FilterSecurityInterceptor@181fe9eb]
2022-05-18_22-31-46 [restartedMain] INFO  o.s.s.c.ThreadPoolTaskExecutor - Initializing ExecutorService 'applicationTaskExecutor'
2022-05-18_22-31-46 [restartedMain] INFO  o.s.cloud.commons.util.InetUtils - Cannot determine local hostname
2022-05-18_22-31-46 [restartedMain] INFO  o.a.coyote.http11.Http11NioProtocol - Starting ProtocolHandler ["http-nio-8000"]
2022-05-18_22-31-46 [restartedMain] INFO  o.s.b.w.e.tomcat.TomcatWebServer - Tomcat started on port(s): 8000 (http) with context path '/auth'
2022-05-18_22-31-46 [restartedMain] INFO  o.s.cloud.commons.util.InetUtils - Cannot determine local hostname
2022-05-18_22-31-46 [restartedMain] INFO  s.d.s.w.p.DocumentationPluginsBootstrapper - Context refreshed
2022-05-18_22-31-46 [restartedMain] INFO  s.d.s.w.p.DocumentationPluginsBootstrapper - Found 1 custom documentation plugin(s)
2022-05-18_22-31-46 [restartedMain] INFO  s.d.s.w.s.ApiListingReferenceScanner - Scanning for api listing references
2022-05-18_22-31-46 [restartedMain] INFO  s.d.s.w.r.o.CachingOperationNameGenerator - Generating unique operation named: handleUsingGET_1
2022-05-18_22-31-46 [restartedMain] INFO  s.d.s.w.r.o.CachingOperationNameGenerator - Generating unique operation named: handleUsingGET_2
2022-05-18_22-31-46 [restartedMain] INFO  c.a.AuthorizationMicroserviceApplication - Started AuthorizationMicroserviceApplication in 140.908 seconds (JVM running for 157.338)
2022-05-18_22-31-46 [http-nio-8000-exec-1] INFO  o.a.c.c.C.[.[localhost].[/auth] - Initializing Spring DispatcherServlet 'dispatcherServlet'
2022-05-18_22-31-46 [http-nio-8000-exec-1] INFO  o.s.web.servlet.DispatcherServlet - Initializing Servlet 'dispatcherServlet'
2022-05-18_22-31-46 [http-nio-8000-exec-1] INFO  o.s.web.servlet.DispatcherServlet - Completed initialization in 4 ms
2022-05-18_22-31-46 [http-nio-8000-exec-1] INFO  c.a.service.JwtUserDetailsService - User found
2022-05-18_22-31-46 [http-nio-8000-exec-1] INFO  c.a.service.JwtUserDetailsService - user successfully located
2022-05-18_22-31-46 [http-nio-8000-exec-1] INFO  c.a.service.JwtUserDetailsService - User found
2022-05-18_22-31-46 [http-nio-8000-exec-1] INFO  c.a.service.JwtUserDetailsService - user successfully located
2022-05-18_22-31-46 [http-nio-8000-exec-3] INFO  c.a.service.JwtUserDetailsService - User found
2022-05-18_22-31-46 [http-nio-8000-exec-3] INFO  c.a.service.JwtUserDetailsService - user successfully located
2022-05-18_22-31-46 [http-nio-8000-exec-4] INFO  c.a.service.JwtUserDetailsService - User found
2022-05-18_22-31-46 [http-nio-8000-exec-4] INFO  c.a.service.JwtUserDetailsService - user successfully located
2022-05-18_22-31-46 [http-nio-8000-exec-5] INFO  c.a.service.JwtUserDetailsService - User found
2022-05-18_22-31-46 [http-nio-8000-exec-5] INFO  c.a.service.JwtUserDetailsService - user successfully located
2022-05-18_22-31-46 [http-nio-8000-exec-6] INFO  c.a.service.JwtUserDetailsService - User found
2022-05-18_22-31-46 [http-nio-8000-exec-6] INFO  c.a.service.JwtUserDetailsService - user successfully located
2022-05-18_22-31-46 [http-nio-8000-exec-8] INFO  c.a.service.JwtUserDetailsService - User found
2022-05-18_22-31-46 [http-nio-8000-exec-8] INFO  c.a.service.JwtUserDetailsService - user successfully located
2022-05-18_22-31-46 [http-nio-8000-exec-10] INFO  c.a.service.JwtUserDetailsService - User found
2022-05-18_22-31-46 [http-nio-8000-exec-10] INFO  c.a.service.JwtUserDetailsService - user successfully located
2022-05-18_22-31-46 [http-nio-8000-exec-2] INFO  c.a.service.JwtUserDetailsService - User found
2022-05-18_22-31-46 [http-nio-8000-exec-2] INFO  c.a.service.JwtUserDetailsService - user successfully located
2022-05-18_22-31-46 [http-nio-8000-exec-1] INFO  c.a.service.JwtUserDetailsService - User found
2022-05-18_22-31-46 [http-nio-8000-exec-1] INFO  c.a.service.JwtUserDetailsService - user successfully located
2022-05-18_22-31-46 [http-nio-8000-exec-3] INFO  c.a.service.JwtUserDetailsService - User found
2022-05-18_22-31-46 [http-nio-8000-exec-3] INFO  c.a.service.JwtUserDetailsService - user successfully located
2022-05-18_22-31-46 [http-nio-8000-exec-4] INFO  c.a.service.JwtUserDetailsService - User found
2022-05-18_22-31-46 [http-nio-8000-exec-4] INFO  c.a.service.JwtUserDetailsService - user successfully located
2022-05-18_22-31-46 [http-nio-8000-exec-6] INFO  c.a.service.JwtUserDetailsService - User found
2022-05-18_22-31-46 [http-nio-8000-exec-6] INFO  c.a.service.JwtUserDetailsService - user successfully located
2022-05-18_22-31-46 [http-nio-8000-exec-6] INFO  c.a.service.JwtUserDetailsService - User found
2022-05-18_22-31-46 [http-nio-8000-exec-6] INFO  c.a.service.JwtUserDetailsService - user successfully located
