2022-05-09_23-58-55 [restartedMain] INFO  org.hibernate.Version - HHH000412: Hibernate ORM core version 5.4.27.Final
2022-05-09_23-58-55 [restartedMain] INFO  o.h.annotations.common.Version - HCANN000001: Hibernate Commons Annotations {5.1.2.Final}
2022-05-09_23-58-55 [restartedMain] INFO  org.hibernate.dialect.Dialect - HHH000400: Using dialect: org.hibernate.dialect.H2Dialect
2022-05-09_23-58-55 [restartedMain] INFO  o.h.e.t.j.p.i.JtaPlatformInitiator - HHH000490: Using JtaPlatform implementation: [org.hibernate.engine.transaction.jta.platform.internal.NoJtaPlatform]
2022-05-09_23-58-55 [restartedMain] INFO  o.s.o.j.LocalContainerEntityManagerFactoryBean - Initialized JPA EntityManagerFactory for persistence unit 'default'
2022-05-09_23-58-55 [restartedMain] INFO  o.s.b.a.e.web.EndpointLinksResolver - Exposing 2 endpoint(s) beneath base path '/actuator'
2022-05-09_23-58-55 [restartedMain] INFO  s.d.s.w.PropertySourcedRequestMappingHandlerMapping - Mapped URL path [/v2/api-docs] onto method [springfox.documentation.swagger2.web.Swagger2Controller#getDocumentation(String, HttpServletRequest)]
2022-05-09_23-58-55 [restartedMain] INFO  o.s.s.web.DefaultSecurityFilterChain - Will secure any request with [org.springframework.security.web.context.request.async.WebAsyncManagerIntegrationFilter@421d5fab, org.springframework.security.web.context.SecurityContextPersistenceFilter@4c6f508a, org.springframework.security.web.header.HeaderWriterFilter@49a3c182, org.springframework.security.web.authentication.logout.LogoutFilter@14028ee0, com.cts.authorization.config.JwtRequestFilter@64e33e04, org.springframework.security.web.savedrequest.RequestCacheAwareFilter@25bb996e, org.springframework.security.web.servletapi.SecurityContextHolderAwareRequestFilter@577012b0, org.springframework.security.web.authentication.AnonymousAuthenticationFilter@16ef8dc4, org.springframework.security.web.session.SessionManagementFilter@fd1c9bf, org.springframework.security.web.access.ExceptionTranslationFilter@4d8b3cd7, org.springframework.security.web.access.intercept.FilterSecurityInterceptor@37857be9]
2022-05-09_23-58-55 [restartedMain] INFO  o.s.s.c.ThreadPoolTaskExecutor - Initializing ExecutorService 'applicationTaskExecutor'
2022-05-09_23-58-55 [restartedMain] INFO  o.a.coyote.http11.Http11NioProtocol - Starting ProtocolHandler ["http-nio-8400"]
2022-05-09_23-58-55 [restartedMain] INFO  o.s.b.w.e.tomcat.TomcatWebServer - Tomcat started on port(s): 8400 (http) with context path '/auth'
2022-05-09_23-58-55 [restartedMain] INFO  s.d.s.w.p.DocumentationPluginsBootstrapper - Context refreshed
2022-05-09_23-58-55 [restartedMain] INFO  s.d.s.w.p.DocumentationPluginsBootstrapper - Found 1 custom documentation plugin(s)
2022-05-09_23-58-55 [restartedMain] INFO  s.d.s.w.s.ApiListingReferenceScanner - Scanning for api listing references
2022-05-09_23-58-55 [restartedMain] INFO  s.d.s.w.r.o.CachingOperationNameGenerator - Generating unique operation named: handleUsingGET_1
2022-05-09_23-58-55 [restartedMain] INFO  s.d.s.w.r.o.CachingOperationNameGenerator - Generating unique operation named: handleUsingGET_2
2022-05-09_23-58-55 [restartedMain] INFO  c.c.a.AuthorizationMicroserviceApplication - Started AuthorizationMicroserviceApplication in 107.239 seconds (JVM running for 135.73)
2022-05-10_00-01-13 [restartedMain] INFO  c.c.a.AuthorizationMicroserviceApplication - Starting AuthorizationMicroserviceApplication using Java 18 on DESKTOP-DAC986Q with PID 5468 (C:\Users\Elcot\Downloads\Pension-Management-System\Authorization-Microservice\target\classes started by Elcot in C:\Users\Elcot\Downloads\Pension-Management-System\Authorization-Microservice)
2022-05-10_00-01-13 [restartedMain] INFO  c.c.a.AuthorizationMicroserviceApplication - No active profile set, falling back to default profiles: default
2022-05-10_00-01-13 [restartedMain] INFO  o.s.b.d.e.DevToolsPropertyDefaultsPostProcessor - Devtools property defaults active! Set 'spring.devtools.add-properties' to 'false' to disable
2022-05-10_00-01-13 [restartedMain] INFO  o.s.b.d.e.DevToolsPropertyDefaultsPostProcessor - For additional web related logging consider setting the 'logging.level.web' property to 'DEBUG'
2022-05-10_00-01-13 [restartedMain] INFO  o.s.d.r.c.RepositoryConfigurationDelegate - Bootstrapping Spring Data JPA repositories in DEFAULT mode.
2022-05-10_00-01-13 [restartedMain] INFO  o.s.d.r.c.RepositoryConfigurationDelegate - Finished Spring Data repository scanning in 992 ms. Found 1 JPA repository interfaces.
2022-05-10_00-01-13 [restartedMain] INFO  o.s.cloud.context.scope.GenericScope - BeanFactory id=edddad8d-4f8b-3de1-9e23-4996f9518ee0
2022-05-10_00-01-13 [restartedMain] INFO  o.s.b.w.e.tomcat.TomcatWebServer - Tomcat initialized with port(s): 8400 (http)
2022-05-10_00-01-13 [restartedMain] INFO  o.a.coyote.http11.Http11NioProtocol - Initializing ProtocolHandler ["http-nio-8400"]
2022-05-10_00-01-13 [restartedMain] INFO  o.a.catalina.core.StandardService - Starting service [Tomcat]
2022-05-10_00-01-13 [restartedMain] INFO  o.a.catalina.core.StandardEngine - Starting Servlet engine: [Apache Tomcat/9.0.41]
2022-05-10_00-01-13 [restartedMain] INFO  o.a.c.c.C.[.[localhost].[/auth] - Initializing Spring embedded WebApplicationContext
2022-05-10_00-01-13 [restartedMain] INFO  o.s.b.w.s.c.ServletWebServerApplicationContext - Root WebApplicationContext: initialization completed in 48711 ms
2022-05-10_00-01-13 [restartedMain] INFO  com.zaxxer.hikari.HikariDataSource - HikariPool-1 - Starting...
2022-05-10_00-01-13 [restartedMain] INFO  com.zaxxer.hikari.HikariDataSource - HikariPool-1 - Start completed.
2022-05-10_00-01-13 [restartedMain] INFO  o.s.b.a.h.H2ConsoleAutoConfiguration - H2 console available at '/db'. Database available at 'jdbc:h2:mem:testdb'
2022-05-10_00-01-13 [restartedMain] INFO  o.h.jpa.internal.util.LogHelper - HHH000204: Processing PersistenceUnitInfo [name: default]
2022-05-10_00-01-13 [restartedMain] INFO  org.hibernate.Version - HHH000412: Hibernate ORM core version 5.4.27.Final
2022-05-10_00-01-13 [restartedMain] INFO  o.h.annotations.common.Version - HCANN000001: Hibernate Commons Annotations {5.1.2.Final}
2022-05-10_00-01-13 [restartedMain] INFO  org.hibernate.dialect.Dialect - HHH000400: Using dialect: org.hibernate.dialect.H2Dialect
2022-05-10_00-01-13 [restartedMain] INFO  o.h.e.t.j.p.i.JtaPlatformInitiator - HHH000490: Using JtaPlatform implementation: [org.hibernate.engine.transaction.jta.platform.internal.NoJtaPlatform]
2022-05-10_00-01-13 [restartedMain] INFO  o.s.o.j.LocalContainerEntityManagerFactoryBean - Initialized JPA EntityManagerFactory for persistence unit 'default'
2022-05-10_00-01-13 [restartedMain] INFO  o.s.b.a.e.web.EndpointLinksResolver - Exposing 2 endpoint(s) beneath base path '/actuator'
2022-05-10_00-01-13 [restartedMain] INFO  s.d.s.w.PropertySourcedRequestMappingHandlerMapping - Mapped URL path [/v2/api-docs] onto method [springfox.documentation.swagger2.web.Swagger2Controller#getDocumentation(String, HttpServletRequest)]
2022-05-10_00-01-13 [restartedMain] INFO  o.s.s.web.DefaultSecurityFilterChain - Will secure any request with [org.springframework.security.web.context.request.async.WebAsyncManagerIntegrationFilter@729b38a2, org.springframework.security.web.context.SecurityContextPersistenceFilter@4a244168, org.springframework.security.web.header.HeaderWriterFilter@78c27198, org.springframework.security.web.authentication.logout.LogoutFilter@65ce6d83, com.cts.authorization.config.JwtRequestFilter@4320e116, org.springframework.security.web.savedrequest.RequestCacheAwareFilter@59c6eb3a, org.springframework.security.web.servletapi.SecurityContextHolderAwareRequestFilter@46014d44, org.springframework.security.web.authentication.AnonymousAuthenticationFilter@520ce06e, org.springframework.security.web.session.SessionManagementFilter@392ff4f6, org.springframework.security.web.access.ExceptionTranslationFilter@7704ade9, org.springframework.security.web.access.intercept.FilterSecurityInterceptor@25933bfa]
2022-05-10_00-01-13 [restartedMain] INFO  o.s.s.c.ThreadPoolTaskExecutor - Initializing ExecutorService 'applicationTaskExecutor'
2022-05-10_00-01-13 [restartedMain] INFO  o.a.coyote.http11.Http11NioProtocol - Starting ProtocolHandler ["http-nio-8400"]
2022-05-10_00-01-13 [restartedMain] INFO  o.s.s.c.ThreadPoolTaskExecutor - Shutting down ExecutorService 'applicationTaskExecutor'
2022-05-10_00-01-13 [restartedMain] INFO  o.s.o.j.LocalContainerEntityManagerFactoryBean - Closing JPA EntityManagerFactory for persistence unit 'default'
2022-05-10_00-01-13 [restartedMain] INFO  o.h.t.s.i.SchemaDropperImpl$DelayedDropActionImpl - HHH000477: Starting delayed evictData of schema as part of SessionFactory shut-down'
2022-05-10_00-01-13 [restartedMain] INFO  com.zaxxer.hikari.HikariDataSource - HikariPool-1 - Shutdown initiated...
2022-05-10_00-01-13 [restartedMain] INFO  com.zaxxer.hikari.HikariDataSource - HikariPool-1 - Shutdown completed.
2022-05-10_00-01-13 [restartedMain] INFO  o.a.coyote.http11.Http11NioProtocol - Pausing ProtocolHandler ["http-nio-8400"]
2022-05-10_00-01-13 [restartedMain] INFO  o.a.catalina.core.StandardService - Stopping service [Tomcat]
2022-05-10_00-01-13 [restartedMain] INFO  o.a.coyote.http11.Http11NioProtocol - Stopping ProtocolHandler ["http-nio-8400"]
2022-05-10_00-01-13 [restartedMain] INFO  o.a.coyote.http11.Http11NioProtocol - Destroying ProtocolHandler ["http-nio-8400"]
2022-05-10_00-01-13 [restartedMain] INFO  o.s.b.a.l.ConditionEvaluationReportLoggingListener - 

Error starting ApplicationContext. To display the conditions report re-run your application with 'debug' enabled.
2022-05-09_23-58-55 [http-nio-8400-exec-1] INFO  o.a.c.c.C.[.[localhost].[/auth] - Initializing Spring DispatcherServlet 'dispatcherServlet'
2022-05-09_23-58-55 [http-nio-8400-exec-1] INFO  o.s.web.servlet.DispatcherServlet - Initializing Servlet 'dispatcherServlet'
2022-05-09_23-58-55 [http-nio-8400-exec-1] INFO  o.s.web.servlet.DispatcherServlet - Completed initialization in 8 ms
2022-05-09_23-58-55 [http-nio-8400-exec-2] INFO  c.c.a.service.JwtUserDetailsService - User found
2022-05-09_23-58-55 [http-nio-8400-exec-2] INFO  c.c.a.service.JwtUserDetailsService - user successfully located
2022-05-09_23-58-55 [http-nio-8400-exec-2] INFO  c.c.a.service.JwtUserDetailsService - User found
2022-05-09_23-58-55 [http-nio-8400-exec-2] INFO  c.c.a.service.JwtUserDetailsService - user successfully located
2022-05-09_23-58-55 [http-nio-8400-exec-4] INFO  c.c.a.service.JwtUserDetailsService - User found
2022-05-09_23-58-55 [http-nio-8400-exec-4] INFO  c.c.a.service.JwtUserDetailsService - user successfully located
2022-05-09_23-58-55 [http-nio-8400-exec-5] INFO  c.c.a.service.JwtUserDetailsService - User found
2022-05-09_23-58-55 [http-nio-8400-exec-5] INFO  c.c.a.service.JwtUserDetailsService - user successfully located
2022-05-09_23-58-55 [http-nio-8400-exec-8] INFO  c.c.a.service.JwtUserDetailsService - User found
2022-05-09_23-58-55 [http-nio-8400-exec-8] INFO  c.c.a.service.JwtUserDetailsService - user successfully located
2022-05-09_23-58-55 [http-nio-8400-exec-9] INFO  c.c.a.service.JwtUserDetailsService - User found
2022-05-09_23-58-55 [http-nio-8400-exec-9] INFO  c.c.a.service.JwtUserDetailsService - user successfully located
2022-05-09_23-58-55 [http-nio-8400-exec-2] INFO  c.c.a.service.JwtUserDetailsService - User found
2022-05-09_23-58-55 [http-nio-8400-exec-2] INFO  c.c.a.service.JwtUserDetailsService - user successfully located
2022-05-09_23-58-55 [http-nio-8400-exec-2] INFO  c.c.a.service.JwtUserDetailsService - User found
2022-05-09_23-58-55 [http-nio-8400-exec-2] INFO  c.c.a.service.JwtUserDetailsService - user successfully located
2022-05-09_23-58-55 [http-nio-8400-exec-4] INFO  c.c.a.service.JwtUserDetailsService - User found
2022-05-09_23-58-55 [http-nio-8400-exec-4] INFO  c.c.a.service.JwtUserDetailsService - user successfully located
2022-05-09_23-58-55 [http-nio-8400-exec-4] INFO  c.c.a.service.JwtUserDetailsService - User found
2022-05-09_23-58-55 [http-nio-8400-exec-4] INFO  c.c.a.service.JwtUserDetailsService - user successfully located
2022-05-10_20-54-54 [restartedMain] INFO  c.c.a.AuthorizationMicroserviceApplication - Starting AuthorizationMicroserviceApplication using Java 18 on DESKTOP-DAC986Q with PID 10020 (C:\Users\Elcot\Downloads\Pension-Management-System\Authorization-Microservice\target\classes started by Elcot in C:\Users\Elcot\Downloads\Pension-Management-System\Authorization-Microservice)
2022-05-10_20-54-54 [restartedMain] INFO  c.c.a.AuthorizationMicroserviceApplication - No active profile set, falling back to default profiles: default
2022-05-10_20-54-54 [restartedMain] INFO  o.s.b.d.e.DevToolsPropertyDefaultsPostProcessor - Devtools property defaults active! Set 'spring.devtools.add-properties' to 'false' to disable
2022-05-10_20-54-54 [restartedMain] INFO  o.s.b.d.e.DevToolsPropertyDefaultsPostProcessor - For additional web related logging consider setting the 'logging.level.web' property to 'DEBUG'
2022-05-10_20-54-54 [restartedMain] INFO  o.s.d.r.c.RepositoryConfigurationDelegate - Bootstrapping Spring Data JPA repositories in DEFAULT mode.
2022-05-10_20-54-54 [restartedMain] INFO  o.s.d.r.c.RepositoryConfigurationDelegate - Finished Spring Data repository scanning in 32805 ms. Found 1 JPA repository interfaces.
2022-05-10_20-54-54 [restartedMain] INFO  o.s.cloud.context.scope.GenericScope - BeanFactory id=edddad8d-4f8b-3de1-9e23-4996f9518ee0
2022-05-10_20-54-54 [restartedMain] INFO  o.s.b.w.e.tomcat.TomcatWebServer - Tomcat initialized with port(s): 8400 (http)
2022-05-10_20-54-54 [restartedMain] INFO  o.a.coyote.http11.Http11NioProtocol - Initializing ProtocolHandler ["http-nio-8400"]
2022-05-10_20-54-54 [restartedMain] INFO  o.a.catalina.core.StandardService - Starting service [Tomcat]
2022-05-10_20-54-54 [restartedMain] INFO  o.a.catalina.core.StandardEngine - Starting Servlet engine: [Apache Tomcat/9.0.41]
2022-05-10_20-54-54 [restartedMain] INFO  o.a.c.c.C.[.[localhost].[/auth] - Initializing Spring embedded WebApplicationContext
2022-05-10_20-54-54 [restartedMain] INFO  o.s.b.w.s.c.ServletWebServerApplicationContext - Root WebApplicationContext: initialization completed in 56218 ms
2022-05-10_20-54-54 [restartedMain] INFO  com.zaxxer.hikari.HikariDataSource - HikariPool-1 - Starting...
2022-05-10_20-54-54 [restartedMain] INFO  com.zaxxer.hikari.HikariDataSource - HikariPool-1 - Start completed.
2022-05-10_20-54-54 [restartedMain] INFO  o.s.b.a.h.H2ConsoleAutoConfiguration - H2 console available at '/db'. Database available at 'jdbc:h2:mem:testdb'
2022-05-10_20-54-54 [restartedMain] INFO  o.h.jpa.internal.util.LogHelper - HHH000204: Processing PersistenceUnitInfo [name: default]
2022-05-10_20-54-54 [restartedMain] INFO  org.hibernate.Version - HHH000412: Hibernate ORM core version 5.4.27.Final
2022-05-10_20-54-54 [restartedMain] INFO  o.h.annotations.common.Version - HCANN000001: Hibernate Commons Annotations {5.1.2.Final}
2022-05-10_20-54-54 [restartedMain] INFO  org.hibernate.dialect.Dialect - HHH000400: Using dialect: org.hibernate.dialect.H2Dialect
2022-05-10_20-54-54 [restartedMain] INFO  o.h.e.t.j.p.i.JtaPlatformInitiator - HHH000490: Using JtaPlatform implementation: [org.hibernate.engine.transaction.jta.platform.internal.NoJtaPlatform]
2022-05-10_20-54-54 [restartedMain] INFO  o.s.o.j.LocalContainerEntityManagerFactoryBean - Initialized JPA EntityManagerFactory for persistence unit 'default'
2022-05-10_20-54-54 [restartedMain] INFO  o.s.b.a.e.web.EndpointLinksResolver - Exposing 2 endpoint(s) beneath base path '/actuator'
2022-05-10_20-54-54 [restartedMain] INFO  s.d.s.w.PropertySourcedRequestMappingHandlerMapping - Mapped URL path [/v2/api-docs] onto method [springfox.documentation.swagger2.web.Swagger2Controller#getDocumentation(String, HttpServletRequest)]
2022-05-10_20-54-54 [restartedMain] INFO  o.s.s.web.DefaultSecurityFilterChain - Will secure any request with [org.springframework.security.web.context.request.async.WebAsyncManagerIntegrationFilter@4c08e717, org.springframework.security.web.context.SecurityContextPersistenceFilter@92f3478, org.springframework.security.web.header.HeaderWriterFilter@574726fb, org.springframework.security.web.authentication.logout.LogoutFilter@27f4ffa8, com.cts.authorization.config.JwtRequestFilter@5318f29b, org.springframework.security.web.savedrequest.RequestCacheAwareFilter@14cb239c, org.springframework.security.web.servletapi.SecurityContextHolderAwareRequestFilter@44e41eea, org.springframework.security.web.authentication.AnonymousAuthenticationFilter@6d54f918, org.springframework.security.web.session.SessionManagementFilter@4d8f2268, org.springframework.security.web.access.ExceptionTranslationFilter@2a38ab7b, org.springframework.security.web.access.intercept.FilterSecurityInterceptor@41458b01]
2022-05-10_20-54-54 [restartedMain] INFO  o.s.s.c.ThreadPoolTaskExecutor - Initializing ExecutorService 'applicationTaskExecutor'
2022-05-10_20-54-54 [restartedMain] INFO  o.a.coyote.http11.Http11NioProtocol - Starting ProtocolHandler ["http-nio-8400"]
2022-05-10_20-54-54 [restartedMain] INFO  o.s.b.w.e.tomcat.TomcatWebServer - Tomcat started on port(s): 8400 (http) with context path '/auth'
2022-05-10_20-54-54 [restartedMain] INFO  s.d.s.w.p.DocumentationPluginsBootstrapper - Context refreshed
2022-05-10_20-54-54 [restartedMain] INFO  s.d.s.w.p.DocumentationPluginsBootstrapper - Found 1 custom documentation plugin(s)
2022-05-10_20-54-54 [restartedMain] INFO  s.d.s.w.s.ApiListingReferenceScanner - Scanning for api listing references
2022-05-10_20-54-54 [restartedMain] INFO  s.d.s.w.r.o.CachingOperationNameGenerator - Generating unique operation named: handleUsingGET_1
2022-05-10_20-54-54 [restartedMain] INFO  s.d.s.w.r.o.CachingOperationNameGenerator - Generating unique operation named: handleUsingGET_2
2022-05-10_20-54-54 [restartedMain] INFO  c.c.a.AuthorizationMicroserviceApplication - Started AuthorizationMicroserviceApplication in 97.546 seconds (JVM running for 131.384)
2022-05-10_20-54-54 [http-nio-8400-exec-1] INFO  o.a.c.c.C.[.[localhost].[/auth] - Initializing Spring DispatcherServlet 'dispatcherServlet'
2022-05-10_20-54-54 [http-nio-8400-exec-1] INFO  o.s.web.servlet.DispatcherServlet - Initializing Servlet 'dispatcherServlet'
2022-05-10_20-54-54 [http-nio-8400-exec-1] INFO  o.s.web.servlet.DispatcherServlet - Completed initialization in 9 ms
2022-05-10_20-54-54 [http-nio-8400-exec-3] INFO  c.c.a.service.JwtUserDetailsService - User found
2022-05-10_20-54-54 [http-nio-8400-exec-3] INFO  c.c.a.service.JwtUserDetailsService - user successfully located
2022-05-10_20-54-54 [http-nio-8400-exec-3] INFO  c.c.a.service.JwtUserDetailsService - User found
2022-05-10_20-54-54 [http-nio-8400-exec-3] INFO  c.c.a.service.JwtUserDetailsService - user successfully located
2022-05-10_20-54-54 [http-nio-8400-exec-5] INFO  c.c.a.service.JwtUserDetailsService - User found
2022-05-10_20-54-54 [http-nio-8400-exec-5] INFO  c.c.a.service.JwtUserDetailsService - user successfully located
2022-05-10_20-54-54 [http-nio-8400-exec-8] INFO  c.c.a.service.JwtUserDetailsService - User found
2022-05-10_20-54-54 [http-nio-8400-exec-8] INFO  c.c.a.service.JwtUserDetailsService - user successfully located
2022-05-10_20-54-54 [http-nio-8400-exec-9] INFO  c.c.a.service.JwtUserDetailsService - User found
2022-05-10_20-54-54 [http-nio-8400-exec-9] INFO  c.c.a.service.JwtUserDetailsService - user successfully located
2022-05-10_20-54-54 [http-nio-8400-exec-1] INFO  c.c.a.service.JwtUserDetailsService - User found
2022-05-10_20-54-54 [http-nio-8400-exec-1] INFO  c.c.a.service.JwtUserDetailsService - user successfully located
2022-05-10_20-54-54 [http-nio-8400-exec-3] INFO  c.c.a.service.JwtUserDetailsService - User found
2022-05-10_20-54-54 [http-nio-8400-exec-3] INFO  c.c.a.service.JwtUserDetailsService - user successfully located
2022-05-10_20-54-54 [http-nio-8400-exec-5] INFO  c.c.a.service.JwtUserDetailsService - User found
2022-05-10_20-54-54 [http-nio-8400-exec-5] INFO  c.c.a.service.JwtUserDetailsService - user successfully located
2022-05-10_20-54-54 [http-nio-8400-exec-7] INFO  c.c.a.service.JwtUserDetailsService - User found
2022-05-10_20-54-54 [http-nio-8400-exec-7] INFO  c.c.a.service.JwtUserDetailsService - user successfully located
2022-05-10_20-54-54 [http-nio-8400-exec-10] INFO  c.c.a.service.JwtUserDetailsService - User found
2022-05-10_20-54-54 [http-nio-8400-exec-10] INFO  c.c.a.service.JwtUserDetailsService - user successfully located
2022-05-10_20-54-54 [http-nio-8400-exec-2] INFO  c.c.a.service.JwtUserDetailsService - User found
2022-05-10_20-54-54 [http-nio-8400-exec-2] INFO  c.c.a.service.JwtUserDetailsService - user successfully located
2022-05-10_20-54-54 [http-nio-8400-exec-3] INFO  c.c.a.service.JwtUserDetailsService - User found
2022-05-10_20-54-54 [http-nio-8400-exec-3] INFO  c.c.a.service.JwtUserDetailsService - user successfully located
2022-05-10_20-54-54 [http-nio-8400-exec-4] INFO  c.c.a.service.JwtUserDetailsService - User found
2022-05-10_20-54-54 [http-nio-8400-exec-4] INFO  c.c.a.service.JwtUserDetailsService - user successfully located
2022-05-10_20-54-54 [http-nio-8400-exec-6] INFO  c.c.a.service.JwtUserDetailsService - User found
2022-05-10_20-54-54 [http-nio-8400-exec-6] INFO  c.c.a.service.JwtUserDetailsService - user successfully located
2022-05-10_20-54-54 [http-nio-8400-exec-5] INFO  c.c.a.service.JwtUserDetailsService - User found
2022-05-10_20-54-54 [http-nio-8400-exec-5] INFO  c.c.a.service.JwtUserDetailsService - user successfully located
2022-05-10_20-54-54 [http-nio-8400-exec-7] INFO  c.c.a.service.JwtUserDetailsService - User found
2022-05-10_20-54-54 [http-nio-8400-exec-7] INFO  c.c.a.service.JwtUserDetailsService - user successfully located
2022-05-10_20-54-54 [http-nio-8400-exec-8] INFO  c.c.a.service.JwtUserDetailsService - User found
2022-05-10_20-54-54 [http-nio-8400-exec-8] INFO  c.c.a.service.JwtUserDetailsService - user successfully located
2022-05-10_20-54-54 [http-nio-8400-exec-9] INFO  c.c.a.service.JwtUserDetailsService - User found
2022-05-10_20-54-54 [http-nio-8400-exec-9] INFO  c.c.a.service.JwtUserDetailsService - user successfully located
2022-05-10_20-54-54 [http-nio-8400-exec-3] INFO  c.c.a.service.JwtUserDetailsService - User found
2022-05-10_20-54-54 [http-nio-8400-exec-3] INFO  c.c.a.service.JwtUserDetailsService - user successfully located
2022-05-10_20-54-54 [http-nio-8400-exec-4] INFO  c.c.a.service.JwtUserDetailsService - User found
2022-05-10_20-54-54 [http-nio-8400-exec-4] INFO  c.c.a.service.JwtUserDetailsService - user successfully located
2022-05-10_21-21-30 [restartedMain] INFO  c.c.a.AuthorizationMicroserviceApplication - Starting AuthorizationMicroserviceApplication using Java 18 on DESKTOP-DAC986Q with PID 740 (C:\Users\Elcot\Downloads\Pension-Management-System\Authorization-Microservice\target\classes started by Elcot in C:\Users\Elcot\Downloads\Pension-Management-System\Authorization-Microservice)
2022-05-10_21-21-30 [restartedMain] INFO  c.c.a.AuthorizationMicroserviceApplication - No active profile set, falling back to default profiles: default
2022-05-10_21-21-30 [restartedMain] INFO  o.s.b.d.e.DevToolsPropertyDefaultsPostProcessor - Devtools property defaults active! Set 'spring.devtools.add-properties' to 'false' to disable
2022-05-10_21-21-30 [restartedMain] INFO  o.s.b.d.e.DevToolsPropertyDefaultsPostProcessor - For additional web related logging consider setting the 'logging.level.web' property to 'DEBUG'
2022-05-10_21-21-30 [restartedMain] INFO  o.s.d.r.c.RepositoryConfigurationDelegate - Bootstrapping Spring Data JPA repositories in DEFAULT mode.
2022-05-10_21-21-30 [restartedMain] INFO  o.s.d.r.c.RepositoryConfigurationDelegate - Finished Spring Data repository scanning in 273 ms. Found 1 JPA repository interfaces.
2022-05-10_21-21-30 [restartedMain] INFO  o.s.cloud.context.scope.GenericScope - BeanFactory id=edddad8d-4f8b-3de1-9e23-4996f9518ee0
2022-05-10_21-21-30 [restartedMain] INFO  o.s.b.w.e.tomcat.TomcatWebServer - Tomcat initialized with port(s): 8400 (http)
2022-05-10_21-21-30 [restartedMain] INFO  o.a.coyote.http11.Http11NioProtocol - Initializing ProtocolHandler ["http-nio-8400"]
2022-05-10_21-21-30 [restartedMain] INFO  o.a.catalina.core.StandardService - Starting service [Tomcat]
2022-05-10_21-21-30 [restartedMain] INFO  o.a.catalina.core.StandardEngine - Starting Servlet engine: [Apache Tomcat/9.0.41]
2022-05-10_21-21-30 [restartedMain] INFO  o.a.c.c.C.[.[localhost].[/auth] - Initializing Spring embedded WebApplicationContext
2022-05-10_21-21-30 [restartedMain] INFO  o.s.b.w.s.c.ServletWebServerApplicationContext - Root WebApplicationContext: initialization completed in 22541 ms
2022-05-10_21-21-30 [restartedMain] INFO  com.zaxxer.hikari.HikariDataSource - HikariPool-1 - Starting...
2022-05-10_21-21-30 [restartedMain] INFO  com.zaxxer.hikari.HikariDataSource - HikariPool-1 - Start completed.
2022-05-10_21-21-30 [restartedMain] INFO  o.s.b.a.h.H2ConsoleAutoConfiguration - H2 console available at '/db'. Database available at 'jdbc:h2:mem:testdb'
2022-05-10_21-21-30 [restartedMain] INFO  o.h.jpa.internal.util.LogHelper - HHH000204: Processing PersistenceUnitInfo [name: default]
2022-05-10_21-21-30 [restartedMain] INFO  org.hibernate.Version - HHH000412: Hibernate ORM core version 5.4.27.Final
2022-05-10_21-21-30 [restartedMain] INFO  o.h.annotations.common.Version - HCANN000001: Hibernate Commons Annotations {5.1.2.Final}
2022-05-10_21-21-30 [restartedMain] INFO  org.hibernate.dialect.Dialect - HHH000400: Using dialect: org.hibernate.dialect.H2Dialect
2022-05-10_21-21-30 [restartedMain] INFO  o.h.e.t.j.p.i.JtaPlatformInitiator - HHH000490: Using JtaPlatform implementation: [org.hibernate.engine.transaction.jta.platform.internal.NoJtaPlatform]
2022-05-10_21-21-30 [restartedMain] INFO  o.s.o.j.LocalContainerEntityManagerFactoryBean - Initialized JPA EntityManagerFactory for persistence unit 'default'
2022-05-10_21-21-30 [restartedMain] INFO  o.s.b.a.e.web.EndpointLinksResolver - Exposing 2 endpoint(s) beneath base path '/actuator'
2022-05-10_21-21-30 [restartedMain] INFO  s.d.s.w.PropertySourcedRequestMappingHandlerMapping - Mapped URL path [/v2/api-docs] onto method [springfox.documentation.swagger2.web.Swagger2Controller#getDocumentation(String, HttpServletRequest)]
2022-05-10_21-21-30 [restartedMain] INFO  o.s.s.web.DefaultSecurityFilterChain - Will secure any request with [org.springframework.security.web.context.request.async.WebAsyncManagerIntegrationFilter@512453a3, org.springframework.security.web.context.SecurityContextPersistenceFilter@14cb239c, org.springframework.security.web.header.HeaderWriterFilter@2a517451, org.springframework.security.web.authentication.logout.LogoutFilter@91ffb64, com.cts.authorization.config.JwtRequestFilter@13e0a07a, org.springframework.security.web.savedrequest.RequestCacheAwareFilter@392ff4f6, org.springframework.security.web.servletapi.SecurityContextHolderAwareRequestFilter@74e076b0, org.springframework.security.web.authentication.AnonymousAuthenticationFilter@40bc117e, org.springframework.security.web.session.SessionManagementFilter@92f3478, org.springframework.security.web.access.ExceptionTranslationFilter@574726fb, org.springframework.security.web.access.intercept.FilterSecurityInterceptor@3d89685b]
2022-05-10_21-21-30 [restartedMain] INFO  o.s.s.c.ThreadPoolTaskExecutor - Initializing ExecutorService 'applicationTaskExecutor'
2022-05-10_21-21-30 [restartedMain] INFO  o.a.coyote.http11.Http11NioProtocol - Starting ProtocolHandler ["http-nio-8400"]
2022-05-10_21-21-30 [restartedMain] INFO  o.s.b.w.e.tomcat.TomcatWebServer - Tomcat started on port(s): 8400 (http) with context path '/auth'
2022-05-10_21-21-30 [restartedMain] INFO  s.d.s.w.p.DocumentationPluginsBootstrapper - Context refreshed
2022-05-10_21-21-30 [restartedMain] INFO  s.d.s.w.p.DocumentationPluginsBootstrapper - Found 1 custom documentation plugin(s)
2022-05-10_21-21-30 [restartedMain] INFO  s.d.s.w.s.ApiListingReferenceScanner - Scanning for api listing references
2022-05-10_21-21-30 [restartedMain] INFO  s.d.s.w.r.o.CachingOperationNameGenerator - Generating unique operation named: handleUsingGET_1
2022-05-10_21-21-30 [restartedMain] INFO  s.d.s.w.r.o.CachingOperationNameGenerator - Generating unique operation named: handleUsingGET_2
2022-05-10_21-21-30 [restartedMain] INFO  c.c.a.AuthorizationMicroserviceApplication - Started AuthorizationMicroserviceApplication in 72.971 seconds (JVM running for 80.518)
2022-05-10_21-21-30 [http-nio-8400-exec-6] INFO  o.a.c.c.C.[.[localhost].[/auth] - Initializing Spring DispatcherServlet 'dispatcherServlet'
2022-05-10_21-21-30 [http-nio-8400-exec-6] INFO  o.s.web.servlet.DispatcherServlet - Initializing Servlet 'dispatcherServlet'
2022-05-10_21-21-30 [http-nio-8400-exec-6] INFO  o.s.web.servlet.DispatcherServlet - Completed initialization in 10 ms
2022-05-10_21-21-30 [http-nio-8400-exec-6] INFO  c.c.a.service.JwtUserDetailsService - User found
2022-05-10_21-21-30 [http-nio-8400-exec-6] INFO  c.c.a.service.JwtUserDetailsService - user successfully located
2022-05-10_21-21-30 [http-nio-8400-exec-6] INFO  c.c.a.service.JwtUserDetailsService - User found
2022-05-10_21-21-30 [http-nio-8400-exec-6] INFO  c.c.a.service.JwtUserDetailsService - user successfully located
2022-05-10_21-21-30 [http-nio-8400-exec-5] INFO  c.c.a.service.JwtUserDetailsService - User found
2022-05-10_21-21-30 [http-nio-8400-exec-5] INFO  c.c.a.service.JwtUserDetailsService - user successfully located
2022-05-10_21-21-30 [http-nio-8400-exec-7] INFO  c.c.a.service.JwtUserDetailsService - User found
2022-05-10_21-21-30 [http-nio-8400-exec-7] INFO  c.c.a.service.JwtUserDetailsService - user successfully located
2022-05-10_21-21-30 [http-nio-8400-exec-8] INFO  c.c.a.service.JwtUserDetailsService - User found
2022-05-10_21-21-30 [http-nio-8400-exec-8] INFO  c.c.a.service.JwtUserDetailsService - user successfully located
2022-05-10_21-21-30 [http-nio-8400-exec-9] INFO  c.c.a.service.JwtUserDetailsService - User found
2022-05-10_21-21-30 [http-nio-8400-exec-9] INFO  c.c.a.service.JwtUserDetailsService - user successfully located
2022-05-10_21-21-30 [http-nio-8400-exec-10] INFO  c.c.a.service.JwtUserDetailsService - User found
2022-05-10_21-21-30 [http-nio-8400-exec-10] INFO  c.c.a.service.JwtUserDetailsService - user successfully located
2022-05-10_21-21-30 [http-nio-8400-exec-5] INFO  c.c.a.service.JwtUserDetailsService - User found
2022-05-10_21-21-30 [http-nio-8400-exec-5] INFO  c.c.a.service.JwtUserDetailsService - user successfully located
2022-05-10_21-21-30 [http-nio-8400-exec-8] INFO  c.c.a.service.JwtUserDetailsService - User found
2022-05-10_21-21-30 [http-nio-8400-exec-8] INFO  c.c.a.service.JwtUserDetailsService - user successfully located
2022-05-10_21-21-30 [http-nio-8400-exec-8] INFO  c.c.a.service.JwtUserDetailsService - User found
2022-05-10_21-21-30 [http-nio-8400-exec-8] INFO  c.c.a.service.JwtUserDetailsService - user successfully located
2022-05-10_21-21-30 [http-nio-8400-exec-9] INFO  c.c.a.service.JwtUserDetailsService - User found
2022-05-10_21-21-30 [http-nio-8400-exec-9] INFO  c.c.a.service.JwtUserDetailsService - user successfully located
2022-05-10_21-33-19 [restartedMain] INFO  c.c.a.AuthorizationMicroserviceApplication - Starting AuthorizationMicroserviceApplication using Java 18 on DESKTOP-DAC986Q with PID 2648 (C:\Users\Elcot\Downloads\Pension-Management-System\Authorization-Microservice\target\classes started by Elcot in C:\Users\Elcot\Downloads\Pension-Management-System\Authorization-Microservice)
2022-05-10_21-33-19 [restartedMain] INFO  c.c.a.AuthorizationMicroserviceApplication - No active profile set, falling back to default profiles: default
2022-05-10_21-33-19 [restartedMain] INFO  o.s.b.d.e.DevToolsPropertyDefaultsPostProcessor - Devtools property defaults active! Set 'spring.devtools.add-properties' to 'false' to disable
2022-05-10_21-33-19 [restartedMain] INFO  o.s.b.d.e.DevToolsPropertyDefaultsPostProcessor - For additional web related logging consider setting the 'logging.level.web' property to 'DEBUG'
2022-05-10_21-33-19 [restartedMain] INFO  o.s.d.r.c.RepositoryConfigurationDelegate - Bootstrapping Spring Data JPA repositories in DEFAULT mode.
2022-05-10_21-33-19 [restartedMain] INFO  o.s.d.r.c.RepositoryConfigurationDelegate - Finished Spring Data repository scanning in 1979 ms. Found 1 JPA repository interfaces.
2022-05-10_21-33-19 [restartedMain] INFO  o.s.cloud.context.scope.GenericScope - BeanFactory id=edddad8d-4f8b-3de1-9e23-4996f9518ee0
2022-05-10_21-33-19 [restartedMain] INFO  o.s.b.w.e.tomcat.TomcatWebServer - Tomcat initialized with port(s): 8400 (http)
2022-05-10_21-33-19 [restartedMain] INFO  o.a.coyote.http11.Http11NioProtocol - Initializing ProtocolHandler ["http-nio-8400"]
2022-05-10_21-33-19 [restartedMain] INFO  o.a.catalina.core.StandardService - Starting service [Tomcat]
2022-05-10_21-33-19 [restartedMain] INFO  o.a.catalina.core.StandardEngine - Starting Servlet engine: [Apache Tomcat/9.0.41]
2022-05-10_21-33-19 [restartedMain] INFO  o.a.c.c.C.[.[localhost].[/auth] - Initializing Spring embedded WebApplicationContext
2022-05-10_21-33-19 [restartedMain] INFO  o.s.b.w.s.c.ServletWebServerApplicationContext - Root WebApplicationContext: initialization completed in 65393 ms
2022-05-10_21-33-19 [restartedMain] INFO  com.zaxxer.hikari.HikariDataSource - HikariPool-1 - Starting...
2022-05-10_21-33-19 [restartedMain] INFO  com.zaxxer.hikari.HikariDataSource - HikariPool-1 - Start completed.
2022-05-10_21-33-19 [restartedMain] INFO  o.s.b.a.h.H2ConsoleAutoConfiguration - H2 console available at '/db'. Database available at 'jdbc:h2:mem:testdb'
2022-05-10_21-33-19 [restartedMain] INFO  o.h.jpa.internal.util.LogHelper - HHH000204: Processing PersistenceUnitInfo [name: default]
2022-05-10_21-33-19 [restartedMain] INFO  org.hibernate.Version - HHH000412: Hibernate ORM core version 5.4.27.Final
2022-05-10_21-33-19 [restartedMain] INFO  o.h.annotations.common.Version - HCANN000001: Hibernate Commons Annotations {5.1.2.Final}
2022-05-10_21-33-19 [restartedMain] INFO  org.hibernate.dialect.Dialect - HHH000400: Using dialect: org.hibernate.dialect.H2Dialect
2022-05-10_21-33-19 [restartedMain] INFO  o.h.e.t.j.p.i.JtaPlatformInitiator - HHH000490: Using JtaPlatform implementation: [org.hibernate.engine.transaction.jta.platform.internal.NoJtaPlatform]
2022-05-10_21-33-19 [restartedMain] INFO  o.s.o.j.LocalContainerEntityManagerFactoryBean - Initialized JPA EntityManagerFactory for persistence unit 'default'
2022-05-10_21-33-19 [restartedMain] INFO  o.s.b.a.e.web.EndpointLinksResolver - Exposing 2 endpoint(s) beneath base path '/actuator'
2022-05-10_21-33-19 [restartedMain] INFO  s.d.s.w.PropertySourcedRequestMappingHandlerMapping - Mapped URL path [/v2/api-docs] onto method [springfox.documentation.swagger2.web.Swagger2Controller#getDocumentation(String, HttpServletRequest)]
2022-05-10_21-33-19 [restartedMain] INFO  o.s.s.web.DefaultSecurityFilterChain - Will secure any request with [org.springframework.security.web.context.request.async.WebAsyncManagerIntegrationFilter@40bc117e, org.springframework.security.web.context.SecurityContextPersistenceFilter@49538550, org.springframework.security.web.header.HeaderWriterFilter@199a30df, org.springframework.security.web.authentication.logout.LogoutFilter@bd65804, com.cts.authorization.config.JwtRequestFilter@13e0a07a, org.springframework.security.web.savedrequest.RequestCacheAwareFilter@73e45d0, org.springframework.security.web.servletapi.SecurityContextHolderAwareRequestFilter@41deeeb6, org.springframework.security.web.authentication.AnonymousAuthenticationFilter@4b077621, org.springframework.security.web.session.SessionManagementFilter@20e3d98a, org.springframework.security.web.access.ExceptionTranslationFilter@455d6cf2, org.springframework.security.web.access.intercept.FilterSecurityInterceptor@76a841f9]
2022-05-10_21-33-19 [restartedMain] INFO  o.s.s.c.ThreadPoolTaskExecutor - Initializing ExecutorService 'applicationTaskExecutor'
2022-05-10_21-33-19 [restartedMain] INFO  o.a.coyote.http11.Http11NioProtocol - Starting ProtocolHandler ["http-nio-8400"]
2022-05-10_21-33-19 [restartedMain] INFO  o.s.b.w.e.tomcat.TomcatWebServer - Tomcat started on port(s): 8400 (http) with context path '/auth'
2022-05-10_21-33-19 [restartedMain] INFO  s.d.s.w.p.DocumentationPluginsBootstrapper - Context refreshed
2022-05-10_21-33-19 [restartedMain] INFO  s.d.s.w.p.DocumentationPluginsBootstrapper - Found 1 custom documentation plugin(s)
2022-05-10_21-33-19 [restartedMain] INFO  s.d.s.w.s.ApiListingReferenceScanner - Scanning for api listing references
2022-05-10_21-33-19 [restartedMain] INFO  s.d.s.w.r.o.CachingOperationNameGenerator - Generating unique operation named: handleUsingGET_1
2022-05-10_21-33-19 [restartedMain] INFO  s.d.s.w.r.o.CachingOperationNameGenerator - Generating unique operation named: handleUsingGET_2
2022-05-10_21-33-19 [restartedMain] INFO  c.c.a.AuthorizationMicroserviceApplication - Started AuthorizationMicroserviceApplication in 108.334 seconds (JVM running for 121.317)
2022-05-10_21-33-19 [http-nio-8400-exec-1] INFO  o.a.c.c.C.[.[localhost].[/auth] - Initializing Spring DispatcherServlet 'dispatcherServlet'
2022-05-10_21-33-19 [http-nio-8400-exec-1] INFO  o.s.web.servlet.DispatcherServlet - Initializing Servlet 'dispatcherServlet'
2022-05-10_21-33-19 [http-nio-8400-exec-1] INFO  o.s.web.servlet.DispatcherServlet - Completed initialization in 5 ms
2022-05-10_21-33-19 [http-nio-8400-exec-1] INFO  c.c.a.service.JwtUserDetailsService - User found
2022-05-10_21-33-19 [http-nio-8400-exec-1] INFO  c.c.a.service.JwtUserDetailsService - user successfully located
2022-05-10_21-33-19 [http-nio-8400-exec-1] INFO  c.c.a.service.JwtUserDetailsService - User found
2022-05-10_21-33-19 [http-nio-8400-exec-1] INFO  c.c.a.service.JwtUserDetailsService - user successfully located
2022-05-10_21-33-19 [http-nio-8400-exec-3] INFO  c.c.a.service.JwtUserDetailsService - User found
2022-05-10_21-33-19 [http-nio-8400-exec-3] INFO  c.c.a.service.JwtUserDetailsService - user successfully located
2022-05-10_21-33-19 [http-nio-8400-exec-4] INFO  c.c.a.service.JwtUserDetailsService - User found
2022-05-10_21-33-19 [http-nio-8400-exec-4] INFO  c.c.a.service.JwtUserDetailsService - user successfully located
2022-05-10_21-33-19 [http-nio-8400-exec-7] INFO  c.c.a.service.JwtUserDetailsService - User found
2022-05-10_21-33-19 [http-nio-8400-exec-7] INFO  c.c.a.service.JwtUserDetailsService - user successfully located
2022-05-10_21-33-19 [http-nio-8400-exec-8] INFO  c.c.a.service.JwtUserDetailsService - User found
2022-05-10_21-33-19 [http-nio-8400-exec-8] INFO  c.c.a.service.JwtUserDetailsService - user successfully located
2022-05-10_21-33-19 [http-nio-8400-exec-9] INFO  c.c.a.service.JwtUserDetailsService - User found
2022-05-10_21-33-19 [http-nio-8400-exec-9] INFO  c.c.a.service.JwtUserDetailsService - user successfully located
2022-05-10_21-33-19 [http-nio-8400-exec-1] INFO  c.c.a.service.JwtUserDetailsService - User found
2022-05-10_21-33-19 [http-nio-8400-exec-1] INFO  c.c.a.service.JwtUserDetailsService - user successfully located
2022-05-10_21-33-19 [http-nio-8400-exec-1] INFO  c.c.a.service.JwtUserDetailsService - User found
2022-05-10_21-33-19 [http-nio-8400-exec-1] INFO  c.c.a.service.JwtUserDetailsService - user successfully located
2022-05-10_21-33-19 [http-nio-8400-exec-3] INFO  c.c.a.service.JwtUserDetailsService - User found
2022-05-10_21-33-19 [http-nio-8400-exec-3] INFO  c.c.a.service.JwtUserDetailsService - user successfully located
2022-05-10_21-33-19 [http-nio-8400-exec-6] INFO  c.c.a.service.JwtUserDetailsService - User found
2022-05-10_21-33-19 [http-nio-8400-exec-6] INFO  c.c.a.service.JwtUserDetailsService - user successfully located
2022-05-10_21-33-19 [http-nio-8400-exec-6] INFO  c.c.a.service.JwtUserDetailsService - User found
2022-05-10_21-33-19 [http-nio-8400-exec-6] INFO  c.c.a.service.JwtUserDetailsService - user successfully located
2022-05-10_21-33-19 [http-nio-8400-exec-7] INFO  c.c.a.service.JwtUserDetailsService - User found
2022-05-10_21-33-19 [http-nio-8400-exec-7] INFO  c.c.a.service.JwtUserDetailsService - user successfully located
2022-05-10_21-33-19 [http-nio-8400-exec-8] INFO  c.c.a.service.JwtUserDetailsService - User found
2022-05-10_21-33-19 [http-nio-8400-exec-8] INFO  c.c.a.service.JwtUserDetailsService - user successfully located
2022-05-10_21-33-19 [http-nio-8400-exec-9] INFO  c.c.a.service.JwtUserDetailsService - User found
2022-05-10_21-33-19 [http-nio-8400-exec-9] INFO  c.c.a.service.JwtUserDetailsService - user successfully located
2022-05-10_21-33-19 [http-nio-8400-exec-3] INFO  c.c.a.service.JwtUserDetailsService - User found
2022-05-10_21-33-19 [http-nio-8400-exec-3] INFO  c.c.a.service.JwtUserDetailsService - user successfully located
2022-05-10_21-33-19 [http-nio-8400-exec-4] INFO  c.c.a.service.JwtUserDetailsService - User found
2022-05-10_21-33-19 [http-nio-8400-exec-4] INFO  c.c.a.service.JwtUserDetailsService - user successfully located
2022-05-10_21-33-19 [http-nio-8400-exec-5] INFO  c.c.a.service.JwtUserDetailsService - User found
2022-05-10_21-33-19 [http-nio-8400-exec-5] INFO  c.c.a.service.JwtUserDetailsService - user successfully located
2022-05-10_22-29-00 [restartedMain] INFO  c.c.a.AuthorizationMicroserviceApplication - Starting AuthorizationMicroserviceApplication using Java 18 on DESKTOP-DAC986Q with PID 11356 (C:\Users\Elcot\Downloads\Pension-Management-System\Authorization-Microservice\target\classes started by Elcot in C:\Users\Elcot\Downloads\Pension-Management-System\Authorization-Microservice)
2022-05-10_22-29-00 [restartedMain] INFO  c.c.a.AuthorizationMicroserviceApplication - No active profile set, falling back to default profiles: default
2022-05-10_22-29-00 [restartedMain] INFO  o.s.b.d.e.DevToolsPropertyDefaultsPostProcessor - Devtools property defaults active! Set 'spring.devtools.add-properties' to 'false' to disable
2022-05-10_22-29-00 [restartedMain] INFO  o.s.b.d.e.DevToolsPropertyDefaultsPostProcessor - For additional web related logging consider setting the 'logging.level.web' property to 'DEBUG'
2022-05-10_22-29-00 [restartedMain] INFO  o.s.d.r.c.RepositoryConfigurationDelegate - Bootstrapping Spring Data JPA repositories in DEFAULT mode.
2022-05-10_22-29-00 [restartedMain] INFO  o.s.d.r.c.RepositoryConfigurationDelegate - Finished Spring Data repository scanning in 217 ms. Found 1 JPA repository interfaces.
2022-05-10_22-29-00 [restartedMain] INFO  o.s.cloud.context.scope.GenericScope - BeanFactory id=edddad8d-4f8b-3de1-9e23-4996f9518ee0
2022-05-10_22-29-00 [restartedMain] INFO  o.s.b.w.e.tomcat.TomcatWebServer - Tomcat initialized with port(s): 8400 (http)
2022-05-10_22-29-00 [restartedMain] INFO  o.a.coyote.http11.Http11NioProtocol - Initializing ProtocolHandler ["http-nio-8400"]
2022-05-10_22-29-00 [restartedMain] INFO  o.a.catalina.core.StandardService - Starting service [Tomcat]
2022-05-10_22-29-00 [restartedMain] INFO  o.a.catalina.core.StandardEngine - Starting Servlet engine: [Apache Tomcat/9.0.41]
2022-05-10_22-29-00 [restartedMain] INFO  o.a.c.c.C.[.[localhost].[/auth] - Initializing Spring embedded WebApplicationContext
2022-05-10_22-29-00 [restartedMain] INFO  o.s.b.w.s.c.ServletWebServerApplicationContext - Root WebApplicationContext: initialization completed in 10152 ms
2022-05-10_22-29-00 [restartedMain] INFO  com.zaxxer.hikari.HikariDataSource - HikariPool-1 - Starting...
2022-05-10_22-29-00 [restartedMain] INFO  com.zaxxer.hikari.HikariDataSource - HikariPool-1 - Start completed.
2022-05-10_22-29-00 [restartedMain] INFO  o.s.b.a.h.H2ConsoleAutoConfiguration - H2 console available at '/db'. Database available at 'jdbc:h2:mem:testdb'
2022-05-10_22-29-00 [restartedMain] INFO  o.h.jpa.internal.util.LogHelper - HHH000204: Processing PersistenceUnitInfo [name: default]
2022-05-10_22-29-00 [restartedMain] INFO  org.hibernate.Version - HHH000412: Hibernate ORM core version 5.4.27.Final
2022-05-10_22-29-00 [restartedMain] INFO  o.h.annotations.common.Version - HCANN000001: Hibernate Commons Annotations {5.1.2.Final}
2022-05-10_22-29-00 [restartedMain] INFO  org.hibernate.dialect.Dialect - HHH000400: Using dialect: org.hibernate.dialect.H2Dialect
2022-05-10_22-29-00 [restartedMain] INFO  o.h.e.t.j.p.i.JtaPlatformInitiator - HHH000490: Using JtaPlatform implementation: [org.hibernate.engine.transaction.jta.platform.internal.NoJtaPlatform]
2022-05-10_22-29-00 [restartedMain] INFO  o.s.o.j.LocalContainerEntityManagerFactoryBean - Initialized JPA EntityManagerFactory for persistence unit 'default'
2022-05-10_22-29-00 [restartedMain] INFO  o.s.b.a.e.web.EndpointLinksResolver - Exposing 2 endpoint(s) beneath base path '/actuator'
2022-05-10_22-29-00 [restartedMain] INFO  s.d.s.w.PropertySourcedRequestMappingHandlerMapping - Mapped URL path [/v2/api-docs] onto method [springfox.documentation.swagger2.web.Swagger2Controller#getDocumentation(String, HttpServletRequest)]
2022-05-10_22-29-00 [restartedMain] INFO  o.s.s.web.DefaultSecurityFilterChain - Will secure any request with [org.springframework.security.web.context.request.async.WebAsyncManagerIntegrationFilter@421d5fab, org.springframework.security.web.context.SecurityContextPersistenceFilter@4c6f508a, org.springframework.security.web.header.HeaderWriterFilter@49a3c182, org.springframework.security.web.authentication.logout.LogoutFilter@14028ee0, com.cts.authorization.config.JwtRequestFilter@3612a35c, org.springframework.security.web.savedrequest.RequestCacheAwareFilter@25bb996e, org.springframework.security.web.servletapi.SecurityContextHolderAwareRequestFilter@577012b0, org.springframework.security.web.authentication.AnonymousAuthenticationFilter@16ef8dc4, org.springframework.security.web.session.SessionManagementFilter@fd1c9bf, org.springframework.security.web.access.ExceptionTranslationFilter@4d8b3cd7, org.springframework.security.web.access.intercept.FilterSecurityInterceptor@37857be9]
2022-05-10_22-29-00 [restartedMain] INFO  o.s.s.c.ThreadPoolTaskExecutor - Initializing ExecutorService 'applicationTaskExecutor'
2022-05-10_22-29-00 [restartedMain] INFO  o.a.coyote.http11.Http11NioProtocol - Starting ProtocolHandler ["http-nio-8400"]
2022-05-10_22-29-00 [restartedMain] INFO  o.s.b.w.e.tomcat.TomcatWebServer - Tomcat started on port(s): 8400 (http) with context path '/auth'
2022-05-10_22-29-00 [restartedMain] INFO  s.d.s.w.p.DocumentationPluginsBootstrapper - Context refreshed
2022-05-10_22-29-00 [restartedMain] INFO  s.d.s.w.p.DocumentationPluginsBootstrapper - Found 1 custom documentation plugin(s)
2022-05-10_22-29-00 [restartedMain] INFO  s.d.s.w.s.ApiListingReferenceScanner - Scanning for api listing references
2022-05-10_22-29-00 [restartedMain] INFO  s.d.s.w.r.o.CachingOperationNameGenerator - Generating unique operation named: handleUsingGET_1
2022-05-10_22-29-00 [restartedMain] INFO  s.d.s.w.r.o.CachingOperationNameGenerator - Generating unique operation named: handleUsingGET_2
2022-05-10_22-29-00 [restartedMain] INFO  c.c.a.AuthorizationMicroserviceApplication - Started AuthorizationMicroserviceApplication in 25.708 seconds (JVM running for 28.214)
2022-05-10_23-32-52 [restartedMain] INFO  c.c.a.AuthorizationMicroserviceApplication - Starting AuthorizationMicroserviceApplication using Java 18 on DESKTOP-DAC986Q with PID 6012 (C:\Users\Elcot\Downloads\Pension-Management-System\Authorization-Microservice\target\classes started by Elcot in C:\Users\Elcot\Downloads\Pension-Management-System\Authorization-Microservice)
2022-05-10_23-32-52 [restartedMain] INFO  c.c.a.AuthorizationMicroserviceApplication - No active profile set, falling back to default profiles: default
2022-05-10_23-32-52 [restartedMain] INFO  o.s.b.d.e.DevToolsPropertyDefaultsPostProcessor - Devtools property defaults active! Set 'spring.devtools.add-properties' to 'false' to disable
2022-05-10_23-32-52 [restartedMain] INFO  o.s.b.d.e.DevToolsPropertyDefaultsPostProcessor - For additional web related logging consider setting the 'logging.level.web' property to 'DEBUG'
2022-05-10_23-32-52 [restartedMain] INFO  o.s.d.r.c.RepositoryConfigurationDelegate - Bootstrapping Spring Data JPA repositories in DEFAULT mode.
2022-05-10_23-32-52 [restartedMain] INFO  o.s.d.r.c.RepositoryConfigurationDelegate - Finished Spring Data repository scanning in 251 ms. Found 1 JPA repository interfaces.
2022-05-10_23-32-52 [restartedMain] INFO  o.s.cloud.context.scope.GenericScope - BeanFactory id=edddad8d-4f8b-3de1-9e23-4996f9518ee0
2022-05-10_23-32-52 [restartedMain] INFO  o.s.b.w.e.tomcat.TomcatWebServer - Tomcat initialized with port(s): 8400 (http)
2022-05-10_23-32-52 [restartedMain] INFO  o.a.coyote.http11.Http11NioProtocol - Initializing ProtocolHandler ["http-nio-8400"]
2022-05-10_23-32-52 [restartedMain] INFO  o.a.catalina.core.StandardService - Starting service [Tomcat]
2022-05-10_23-32-52 [restartedMain] INFO  o.a.catalina.core.StandardEngine - Starting Servlet engine: [Apache Tomcat/9.0.41]
2022-05-10_23-32-52 [restartedMain] INFO  o.a.c.c.C.[.[localhost].[/auth] - Initializing Spring embedded WebApplicationContext
2022-05-10_23-32-52 [restartedMain] INFO  o.s.b.w.s.c.ServletWebServerApplicationContext - Root WebApplicationContext: initialization completed in 11064 ms
2022-05-10_23-32-52 [restartedMain] INFO  com.zaxxer.hikari.HikariDataSource - HikariPool-1 - Starting...
2022-05-10_23-32-52 [restartedMain] INFO  com.zaxxer.hikari.HikariDataSource - HikariPool-1 - Start completed.
2022-05-10_23-32-52 [restartedMain] INFO  o.s.b.a.h.H2ConsoleAutoConfiguration - H2 console available at '/db'. Database available at 'jdbc:h2:mem:testdb'
2022-05-10_23-32-52 [restartedMain] INFO  o.h.jpa.internal.util.LogHelper - HHH000204: Processing PersistenceUnitInfo [name: default]
2022-05-10_23-32-52 [restartedMain] INFO  org.hibernate.Version - HHH000412: Hibernate ORM core version 5.4.27.Final
2022-05-10_23-32-52 [restartedMain] INFO  o.h.annotations.common.Version - HCANN000001: Hibernate Commons Annotations {5.1.2.Final}
2022-05-10_23-32-52 [restartedMain] INFO  org.hibernate.dialect.Dialect - HHH000400: Using dialect: org.hibernate.dialect.H2Dialect
2022-05-10_23-32-52 [restartedMain] INFO  o.h.e.t.j.p.i.JtaPlatformInitiator - HHH000490: Using JtaPlatform implementation: [org.hibernate.engine.transaction.jta.platform.internal.NoJtaPlatform]
2022-05-10_23-32-52 [restartedMain] INFO  o.s.o.j.LocalContainerEntityManagerFactoryBean - Initialized JPA EntityManagerFactory for persistence unit 'default'
2022-05-10_23-32-52 [restartedMain] INFO  o.s.b.a.e.web.EndpointLinksResolver - Exposing 2 endpoint(s) beneath base path '/actuator'
2022-05-10_23-32-52 [restartedMain] INFO  s.d.s.w.PropertySourcedRequestMappingHandlerMapping - Mapped URL path [/v2/api-docs] onto method [springfox.documentation.swagger2.web.Swagger2Controller#getDocumentation(String, HttpServletRequest)]
2022-05-10_23-32-52 [restartedMain] INFO  o.s.s.web.DefaultSecurityFilterChain - Will secure any request with [org.springframework.security.web.context.request.async.WebAsyncManagerIntegrationFilter@324ede57, org.springframework.security.web.context.SecurityContextPersistenceFilter@617e5d7e, org.springframework.security.web.header.HeaderWriterFilter@6242d67f, org.springframework.security.web.authentication.logout.LogoutFilter@26f25542, com.cts.authorization.config.JwtRequestFilter@72445fb1, org.springframework.security.web.savedrequest.RequestCacheAwareFilter@18dd49b3, org.springframework.security.web.servletapi.SecurityContextHolderAwareRequestFilter@795fe5a1, org.springframework.security.web.authentication.AnonymousAuthenticationFilter@60429fb4, org.springframework.security.web.session.SessionManagementFilter@7762d7be, org.springframework.security.web.access.ExceptionTranslationFilter@3b7b8a8a, org.springframework.security.web.access.intercept.FilterSecurityInterceptor@6d370886]
2022-05-10_23-32-52 [restartedMain] INFO  o.s.s.c.ThreadPoolTaskExecutor - Initializing ExecutorService 'applicationTaskExecutor'
2022-05-10_23-32-52 [restartedMain] INFO  o.a.coyote.http11.Http11NioProtocol - Starting ProtocolHandler ["http-nio-8400"]
2022-05-10_23-32-52 [restartedMain] INFO  o.s.b.w.e.tomcat.TomcatWebServer - Tomcat started on port(s): 8400 (http) with context path '/auth'
2022-05-10_23-32-52 [restartedMain] INFO  s.d.s.w.p.DocumentationPluginsBootstrapper - Context refreshed
2022-05-10_23-32-52 [restartedMain] INFO  s.d.s.w.p.DocumentationPluginsBootstrapper - Found 1 custom documentation plugin(s)
2022-05-10_23-32-52 [restartedMain] INFO  s.d.s.w.s.ApiListingReferenceScanner - Scanning for api listing references
2022-05-10_23-32-52 [restartedMain] INFO  s.d.s.w.r.o.CachingOperationNameGenerator - Generating unique operation named: handleUsingGET_1
2022-05-10_23-32-52 [restartedMain] INFO  s.d.s.w.r.o.CachingOperationNameGenerator - Generating unique operation named: handleUsingGET_2
2022-05-10_23-32-52 [restartedMain] INFO  c.c.a.AuthorizationMicroserviceApplication - Started AuthorizationMicroserviceApplication in 25.627 seconds (JVM running for 28.769)
2022-05-10_23-32-52 [http-nio-8400-exec-2] INFO  o.a.c.c.C.[.[localhost].[/auth] - Initializing Spring DispatcherServlet 'dispatcherServlet'
2022-05-10_23-32-52 [http-nio-8400-exec-2] INFO  o.s.web.servlet.DispatcherServlet - Initializing Servlet 'dispatcherServlet'
2022-05-10_23-32-52 [http-nio-8400-exec-2] INFO  o.s.web.servlet.DispatcherServlet - Completed initialization in 6 ms
